C51 COMPILER V9.00   TEXT1                                                                 05/11/2010 20:42:57 PAGE 1   


C51 COMPILER V9.00, COMPILATION OF MODULE TEXT1
OBJECT MODULE PLACED IN Text1.OBJ
COMPILER INVOKED BY: C:\Keil\C51\BIN\C51.EXE Text1.c BROWSE DEBUG OBJECTEXTEND

line level    source

   1          #include <reg52.h>
   2          
   3          #define Bus_16        //16位数据模式,如果使用8位模式，请注释此语句，如果使用16位模式，请打开此句
   4          #define  LCD_DataPortH P2     //高8位数据口,8位模式下只使用高8位 
   5          #define  LCD_DataPortL P0     //低8位数据口     ,8位模式下低8位可以不接线
   6          sbit LCD_RS = P3^5;              //数据/命令切换
   7          sbit LCD_WR = P3^6;               //写控制
   8          sbit LCD_RD =P3^7;                   //读控制
   9          sbit LCD_CS=P1^0;               //片选  
  10          sbit LCD_REST = P1^2;         //复位   
  11          
  12          unsigned char code image[3200]={ /* 0X00,0X10,0X28,0X00,0X28,0X00,0X01,0X1B, */
  13          0XFF,0XFF,0XFF,0XFF,0XFF,0XFF,0XFF,0XFF,0XFF,0XFF,0XFF,0XFF,0XFF,0XFF,0XFF,0XFF,
  14          0XFF,0XFF,0XFF,0XFF,0XFF,0XFF,0XFF,0XFF,0XFF,0XFF,0XFF,0XFF,0XBE,0XF7,0X7D,0XEF,
  15          0XBA,0XD6,0XB6,0XB5,0XF3,0X9C,0XB2,0X94,0XB3,0X9C,0XB2,0X94,0X34,0XA5,0XF7,0XBD,
  16          0XFB,0XDE,0X7D,0XEF,0XFF,0XFF,0XFF,0XFF,0XFF,0XFF,0XFF,0XFF,0XFF,0XFF,0XFF,0XFF,
  17          0XFF,0XFF,0XFF,0XFF,0XFF,0XFF,0XFF,0XFF,0XFF,0XFF,0XFF,0XFF,0XFF,0XFF,0XFF,0XFF,
  18          0XFF,0XFF,0XFF,0XFF,0XFF,0XFF,0XFF,0XFF,0XFF,0XFF,0XFF,0XFF,0XFF,0XFF,0XFF,0XFF,
  19          0XFF,0XFF,0XFF,0XFF,0XFF,0XFF,0XFF,0XFF,0XBE,0XF7,0XFB,0XDE,0XF3,0X9C,0XCB,0X5A,
  20          0XC7,0X39,0X04,0X21,0X82,0X10,0X42,0X10,0X42,0X10,0X41,0X08,0X83,0X18,0X45,0X29,
  21          0XC7,0X39,0X0C,0X63,0X75,0XAD,0X3C,0XE7,0XBE,0XF7,0XFF,0XFF,0XFF,0XFF,0XFF,0XFF,
  22          0XFF,0XFF,0XFF,0XFF,0XFF,0XFF,0XFF,0XFF,0XFF,0XFF,0XFF,0XFF,0XFF,0XFF,0XFF,0XFF,
  23          0XFF,0XFF,0XFF,0XFF,0XFF,0XFF,0XFF,0XFF,0XFF,0XFF,0XFF,0XFF,0XFF,0XFF,0XFF,0XFF,
  24          0XFF,0XFF,0XFF,0XFF,0XFF,0XFF,0X3C,0XE7,0XB2,0X94,0X08,0X42,0XC3,0X18,0X82,0X10,
  25          0X04,0X21,0X45,0X29,0X86,0X31,0X86,0X31,0X86,0X31,0X86,0X31,0X45,0X29,0X04,0X21,
  26          0X82,0X10,0X41,0X08,0XC3,0X18,0X08,0X42,0XF3,0X9C,0X3C,0XE7,0XFF,0XFF,0XFF,0XFF,
  27          0XFF,0XFF,0XFF,0XFF,0XFF,0XFF,0XFF,0XFF,0XFF,0XFF,0XFF,0XFF,0XFF,0XFF,0XFF,0XFF,
  28          0XFF,0XFF,0XFF,0XFF,0XFF,0XFF,0XFF,0XFF,0XFF,0XFF,0XFF,0XFF,0XFF,0XFF,0XFF,0XFF,
  29          0XFF,0XFF,0XFF,0XFF,0XFB,0XDE,0X0C,0X63,0XC3,0X18,0XC3,0X18,0X45,0X29,0XC7,0X39,
  30          0X08,0X42,0X08,0X42,0X08,0X42,0X08,0X42,0X08,0X42,0X08,0X42,0XC7,0X39,0XC7,0X39,
  31          0X86,0X31,0X86,0X31,0X04,0X21,0X41,0X08,0X82,0X10,0XCB,0X5A,0XBA,0XD6,0XFF,0XFF,
  32          0XFF,0XFF,0XFF,0XFF,0XFF,0XFF,0XFF,0XFF,0XFF,0XFF,0XFF,0XFF,0XFF,0XFF,0XFF,0XFF,
  33          0XFF,0XFF,0XFF,0XFF,0XFF,0XFF,0XFF,0XFF,0XFF,0XFF,0XFF,0XFF,0XFF,0XFF,0XFF,0XFF,
  34          0XFF,0XFF,0XFB,0XDE,0XCB,0X5A,0X82,0X10,0X45,0X29,0XC7,0X39,0X08,0X42,0X08,0X42,
  35          0X09,0X4A,0X49,0X4A,0X49,0X4A,0X49,0X4A,0X49,0X4A,0X49,0X4A,0X08,0X42,0XC7,0X39,
  36          0XC7,0X39,0XC7,0X39,0X86,0X31,0X45,0X29,0X83,0X18,0X00,0X00,0XC8,0X41,0X38,0XC6,
  37          0XFF,0XFF,0XFF,0XFF,0XFF,0XFF,0XFF,0XFF,0XFF,0XFF,0XFF,0XFF,0XFF,0XFF,0XFF,0XFF,
  38          0XFF,0XFF,0XFF,0XFF,0XFF,0XFF,0XFF,0XFF,0XFF,0XFF,0XFF,0XFF,0XFF,0XFF,0XFF,0XFF,
  39          0X7D,0XEF,0X8E,0X73,0X82,0X10,0X45,0X29,0XC7,0X39,0X08,0X42,0X09,0X4A,0X8A,0X52,
  40          0X30,0X84,0XCF,0X7B,0X8A,0X52,0X49,0X4A,0X4A,0X52,0X49,0X4A,0XCB,0X5A,0XCF,0X7B,
  41          0X0C,0X63,0X08,0X42,0XC7,0X39,0X86,0X31,0X45,0X29,0XC3,0X18,0X00,0X00,0X49,0X4A,
  42          0XBA,0XD6,0XFF,0XFF,0XFF,0XFF,0XFF,0XFF,0XFF,0XFF,0XFF,0XFF,0XFF,0XFF,0XFF,0XFF,
  43          0XFF,0XFF,0XFF,0XFF,0XFF,0XFF,0XFF,0XFF,0XFF,0XFF,0XFF,0XFF,0XFF,0XFF,0XFF,0XFF,
  44          0XF3,0X9C,0XC3,0X18,0X04,0X21,0XC7,0X39,0X08,0X42,0X49,0X4A,0X49,0X4A,0X72,0X94,
  45          0X7D,0XEF,0X7D,0XEF,0XB2,0X94,0X4A,0X52,0X49,0X4A,0X8A,0X52,0X75,0XAD,0XBE,0XF7,
  46          0XBA,0XD6,0X4D,0X6B,0XC7,0X39,0XC7,0X39,0X86,0X31,0X45,0X29,0XC3,0X18,0X41,0X08,
  47          0XCF,0X7B,0X7C,0XE7,0XFF,0XFF,0XFF,0XFF,0XFF,0XFF,0XFF,0XFF,0XFF,0XFF,0XFF,0XFF,
  48          0XFF,0XFF,0XFF,0XFF,0XFF,0XFF,0XFF,0XFF,0XFF,0XFF,0XFF,0XFF,0XFF,0XFF,0XBA,0XD6,
  49          0X08,0X42,0X82,0X10,0XC7,0X39,0X08,0X42,0X49,0X4A,0X49,0X4A,0X8E,0X73,0XFB,0XDE,
  50          0XFF,0XFF,0XBE,0XF7,0XBA,0XD6,0X8E,0X73,0X08,0X42,0X30,0X84,0X3C,0XE7,0X7D,0XEF,
  51          0XFF,0XFF,0XB6,0XB5,0X49,0X4A,0XC7,0X39,0X86,0X31,0X45,0X29,0X04,0X21,0X41,0X08,
  52          0X45,0X29,0XB6,0XB5,0XFF,0XFF,0XFF,0XFF,0XFF,0XFF,0XFF,0XFF,0XFF,0XFF,0XFF,0XFF,
  53          0XFF,0XFF,0XFF,0XFF,0XFF,0XFF,0XFF,0XFF,0XFF,0XFF,0XFF,0XFF,0XBE,0XF7,0X71,0X8C,
  54          0X41,0X08,0X45,0X29,0X08,0X42,0X49,0X4A,0X49,0X4A,0X4A,0X52,0XB2,0X94,0XBE,0XF7,
  55          0XBE,0XF7,0XB2,0X94,0XCF,0X7B,0XCF,0X7B,0X49,0X4A,0XB6,0XB5,0XF3,0X9C,0X0C,0X63,
C51 COMPILER V9.00   TEXT1                                                                 05/11/2010 20:42:57 PAGE 2   

  56          0X38,0XC6,0XBA,0XD6,0X0C,0X63,0X87,0X39,0XC7,0X39,0X86,0X31,0X45,0X29,0XC3,0X18,
  57          0X41,0X08,0X30,0X84,0X7D,0XEF,0XFF,0XFF,0XFF,0XFF,0XFF,0XFF,0XFF,0XFF,0XFF,0XFF,
  58          0XFF,0XFF,0XFF,0XFF,0XFF,0XFF,0XFF,0XFF,0XFF,0XFF,0XFF,0XFF,0X3C,0XE7,0XCB,0X5A,
  59          0X41,0X08,0XC7,0X39,0X08,0X42,0X49,0X4A,0X4A,0X52,0X8A,0X52,0XF3,0X9C,0XFF,0XFF,
  60          0X7D,0XEF,0XC7,0X39,0XC3,0X18,0X0C,0X63,0XCB,0X5A,0XB6,0XB5,0XB2,0X94,0XCB,0X5A,
  61          0X75,0XAD,0XFA,0XD6,0X4D,0X6B,0X87,0X39,0XC7,0X39,0X86,0X31,0X45,0X29,0X04,0X21,
  62          0X41,0X08,0X8A,0X52,0X79,0XCE,0XFF,0XFF,0XFF,0XFF,0XFF,0XFF,0XFF,0XFF,0XFF,0XFF,
  63          0XFF,0XFF,0XFF,0XFF,0XFF,0XFF,0XFF,0XFF,0XFF,0XFF,0XFF,0XFF,0X38,0XC6,0X86,0X31,
  64          0X04,0X21,0XC8,0X41,0X49,0X4A,0X49,0X4A,0X4A,0X52,0X49,0X4A,0XB1,0X8C,0XBE,0XF7,
  65          0XBE,0XF7,0XB2,0X94,0XCF,0X7B,0XCF,0X7B,0X49,0X4A,0X74,0XA5,0X7D,0XEF,0X7C,0XE7,
  66          0XBE,0XF7,0X79,0XCE,0X0C,0X63,0XC7,0X39,0XC7,0X39,0X86,0X31,0X45,0X29,0X04,0X21,
  67          0X82,0X10,0X45,0X29,0X75,0XAD,0XBE,0XF7,0XFF,0XFF,0XFF,0XFF,0XFF,0XFF,0XFF,0XFF,
  68          0XFF,0XFF,0XFF,0XFF,0XFF,0XFF,0XFF,0XFF,0XFF,0XFF,0XFF,0XFF,0X34,0XA5,0X82,0X10,
  69          0X86,0X31,0X08,0X42,0X49,0X4A,0X49,0X4A,0X8A,0X52,0X49,0X4A,0X4D,0X6B,0XBA,0XD6,
  70          0XFF,0XFF,0XFF,0XFF,0X79,0XCE,0X0D,0X63,0XC7,0X39,0XCF,0X7B,0X7D,0XEF,0XFF,0XFF,
  71          0XFF,0XFF,0X75,0XAD,0X08,0X42,0X86,0X31,0XC7,0X39,0X86,0X31,0X45,0X29,0X45,0X29,
  72          0XC3,0X18,0XC3,0X18,0XB2,0X94,0X7D,0XEF,0XFF,0XFF,0XFF,0XFF,0XFF,0XFF,0XFF,0XFF,
  73          0XFF,0XFF,0XFF,0XFF,0XFF,0XFF,0XFF,0XFF,0XFF,0XFF,0XBE,0XF7,0XB2,0X8C,0X41,0X08,
  74          0XC7,0X39,0X08,0X42,0X49,0X4A,0X49,0X4A,0X8A,0X52,0X8A,0X52,0X4A,0X4A,0XD0,0X7B,
  75          0X7A,0XC6,0X7B,0XBE,0X90,0X6B,0XC9,0X39,0X88,0X31,0XC9,0X39,0XB3,0X84,0XBB,0XC6,
  76          0XF8,0XB5,0XCC,0X5A,0X86,0X31,0XC7,0X39,0XC7,0X39,0X86,0X31,0X45,0X29,0X45,0X29,
  77          0XC4,0X20,0X41,0X08,0X30,0X84,0X3C,0XE7,0XFF,0XFF,0XFF,0XFF,0XFF,0XFF,0XFF,0XFF,
  78          0XFF,0XFF,0XFF,0XFF,0XFF,0XFF,0XFF,0XFF,0XFF,0XFF,0X3C,0XE7,0X8A,0X4A,0XC3,0X10,
  79          0XC7,0X39,0X08,0X42,0X49,0X4A,0X49,0X4A,0X4A,0X4A,0X4A,0X42,0X09,0X3A,0X08,0X4A,
  80          0X09,0X6B,0X49,0X7B,0XC6,0X7A,0X05,0X83,0X46,0X83,0XC5,0X7A,0XC6,0X72,0X09,0X7B,
  81          0X48,0X5A,0X87,0X31,0X88,0X21,0X88,0X29,0X86,0X31,0X86,0X31,0X45,0X29,0X45,0X29,
  82          0X04,0X21,0X41,0X08,0X4A,0X4A,0XBA,0XD6,0XFF,0XFF,0XFF,0XFF,0XFF,0XFF,0XFF,0XFF,
  83          0XFF,0XFF,0XFF,0XFF,0XFF,0XFF,0XFF,0XFF,0XFF,0XFF,0XF7,0XC5,0X82,0X50,0X05,0X41,
  84          0XC7,0X29,0X08,0X42,0X49,0X4A,0X4A,0X42,0X49,0X4A,0X09,0X7B,0X88,0X9B,0XC6,0XB3,
  85          0X21,0XD4,0XA0,0XDC,0XE1,0XE4,0X61,0XED,0X61,0XED,0X21,0XED,0XA0,0XE4,0X20,0XDC,
  86          0X80,0XCB,0X43,0XAB,0XC4,0X82,0X06,0X5A,0X47,0X21,0X46,0X29,0X45,0X29,0X04,0X29,
  87          0X04,0X19,0X82,0X10,0X82,0X18,0XF3,0X9C,0X7D,0XEF,0XFF,0XFF,0XFF,0XFF,0XFF,0XFF,
  88          0XFF,0XFF,0XFF,0XFF,0XFF,0XFF,0XFF,0XFF,0X7D,0XEF,0X4D,0X93,0X00,0XA0,0X82,0XB8,
  89          0XC7,0X31,0X09,0X32,0X49,0X4A,0X86,0X7A,0X43,0XC3,0X6B,0XED,0XF4,0XF6,0XEB,0XFD,
  90          0X20,0XFD,0X20,0XFD,0X60,0XFD,0XA0,0XFD,0XA0,0XFD,0X60,0XFD,0X60,0XFD,0X20,0XFD,
  91          0XE0,0XFC,0XA0,0XFC,0X60,0XF4,0XC1,0XDB,0X83,0X9A,0XC5,0X49,0X45,0X29,0X04,0X19,
  92          0XC4,0X20,0X82,0X38,0X00,0X50,0XCB,0X6A,0XBA,0XD6,0XFF,0XFF,0XFF,0XFF,0XFF,0XFF,
  93          0XFF,0XFF,0XFF,0XFF,0XFF,0XFF,0XFF,0XFF,0XFB,0XEE,0X04,0XA1,0X00,0XC0,0X00,0XF0,
  94          0XC3,0XA0,0XC8,0X41,0X49,0X42,0X05,0X9B,0X20,0XFC,0XA4,0XFC,0X69,0XFD,0XE8,0XFD,
  95          0X63,0XFD,0X20,0XFD,0X60,0XFD,0X60,0XFD,0X60,0XFD,0X20,0XFD,0X20,0XFD,0XE0,0XFC,
  96          0XE0,0XFC,0XA0,0XFC,0X60,0XFC,0X20,0XFC,0X41,0XD3,0XC5,0X49,0X45,0X19,0XC4,0X38,
  97          0X82,0X68,0X41,0X88,0X00,0X70,0X49,0X5A,0X79,0XCE,0XFF,0XFF,0XFF,0XFF,0XFF,0XFF,
  98          0XFF,0XFF,0XFF,0XFF,0XFF,0XFF,0XFF,0XFF,0XFB,0XF6,0X82,0XC0,0X00,0XD0,0X86,0XC1,
  99          0X46,0XF1,0X41,0XC8,0X45,0X79,0X89,0X52,0X88,0X62,0X86,0X6A,0XC6,0X7A,0XC4,0XBB,
 100          0XE1,0XFC,0X60,0XFD,0X60,0XFD,0XA0,0XFD,0XA0,0XFD,0X60,0XFD,0X60,0XFD,0XE0,0XFC,
 101          0X60,0XE4,0X03,0X93,0X84,0X72,0X44,0X6A,0XC5,0X41,0X45,0X29,0XC3,0X58,0X41,0XA8,
 102          0X40,0X98,0X00,0XB0,0X00,0X60,0X0C,0X6B,0X79,0XCE,0XFF,0XFF,0XFF,0XFF,0XFF,0XFF,
 103          0XFF,0XFF,0XFF,0XFF,0XFF,0XFF,0X7D,0XEF,0XCE,0X83,0X82,0X88,0X00,0XF8,0XC4,0XD8,
 104          0X0C,0XF3,0X8A,0XFA,0X82,0XE8,0X82,0XB0,0X45,0X69,0XC7,0X51,0X08,0X42,0X08,0X3A,
 105          0X86,0X5A,0X83,0X9B,0XA2,0XBC,0X22,0XCD,0X21,0XCD,0XA1,0XC4,0X22,0XB4,0XC4,0X7A,
 106          0X06,0X3A,0X86,0X29,0X45,0X29,0X05,0X31,0XC4,0X50,0X41,0X90,0X00,0XC0,0X00,0XA8,
 107          0X00,0XA0,0X00,0XA8,0X00,0X30,0X4A,0X4A,0XBA,0XD6,0XFF,0XFF,0XFF,0XFF,0XFF,0XFF,
 108          0XFF,0XFF,0XFF,0XFF,0X7D,0XEF,0X8E,0X73,0XC3,0X18,0X05,0X39,0X82,0XA8,0X00,0XF8,
 109          0XC3,0XF8,0X4D,0XFB,0X4D,0XFB,0XC7,0XF9,0XC3,0XF0,0X82,0XD8,0XC3,0XB0,0X04,0X81,
 110          0X45,0X61,0X46,0X51,0X86,0X49,0X86,0X49,0X46,0X41,0X45,0X41,0X45,0X41,0X45,0X41,
 111          0X05,0X49,0X04,0X61,0X82,0X90,0X41,0XB0,0X00,0XD0,0X00,0XC8,0X00,0XA8,0X00,0XA8,
 112          0X00,0XB8,0X41,0X58,0X82,0X10,0X82,0X10,0XB2,0X94,0XBE,0XF7,0XFF,0XFF,0XFF,0XFF,
 113          0XFF,0XFF,0XBE,0XF7,0XCF,0X7B,0X82,0X10,0X04,0X21,0X86,0X29,0X86,0X41,0X04,0X99,
 114          0X40,0XE8,0X41,0XF8,0X86,0XF9,0XCB,0XFA,0X49,0XFA,0X82,0XF8,0X00,0XF8,0X00,0XF0,
 115          0X00,0XE8,0X41,0XD8,0X41,0XD0,0X41,0XC0,0X41,0XC0,0X41,0XC0,0X41,0XC0,0X41,0XC8,
 116          0X00,0XD0,0X00,0XE0,0X00,0XE0,0X00,0XD8,0X00,0XD0,0X00,0XB8,0X00,0XA8,0X41,0X88,
 117          0X82,0X48,0X82,0X10,0X82,0X10,0X00,0X00,0X45,0X29,0X79,0XCE,0XFF,0XFF,0XFF,0XFF,
C51 COMPILER V9.00   TEXT1                                                                 05/11/2010 20:42:57 PAGE 3   

 118          0XBE,0XF7,0XF3,0X9C,0X82,0X10,0XC3,0X18,0X45,0X29,0X86,0X31,0XC7,0X31,0X30,0X7C,
 119          0XF3,0XDC,0X86,0XE1,0X00,0XF0,0X00,0XF8,0X41,0XF8,0X41,0XF8,0X00,0XF8,0X00,0XF8,
 120          0X00,0XF8,0X00,0XF8,0X00,0XF8,0X00,0XF8,0X00,0XF8,0X00,0XF8,0X00,0XF8,0X00,0XF8,
 121          0X00,0XE8,0X00,0XE0,0X00,0XE0,0X00,0XD8,0X00,0XC8,0X41,0XA0,0X8A,0X9A,0X0C,0X63,
 122          0X04,0X11,0X82,0X10,0X82,0X10,0X41,0X08,0X00,0X00,0X4D,0X6B,0X7D,0XEF,0XFF,0XFF,
 123          0XFB,0XDE,0X08,0X42,0X42,0X10,0X45,0X29,0X86,0X31,0X86,0X31,0X49,0X4A,0X38,0XBE,
 124          0XFF,0XFF,0X38,0XD6,0X86,0XA9,0X00,0XC8,0X00,0XE0,0X00,0XF0,0X00,0XF8,0X00,0XF8,
 125          0X00,0XF8,0X00,0XF8,0X00,0XF8,0X00,0XF8,0X00,0XF8,0X00,0XF8,0X00,0XF0,0X00,0XF0,
 126          0X00,0XE8,0X00,0XE0,0X00,0XD0,0XC3,0X98,0X8A,0X8A,0XB2,0XA4,0XBA,0XC6,0XF7,0XB5,
 127          0X08,0X42,0X41,0X08,0X82,0X10,0X41,0X08,0X00,0X00,0X45,0X29,0XF7,0XBD,0XFF,0XFF,
 128          0X71,0X8C,0X41,0X08,0X04,0X21,0X45,0X29,0X86,0X31,0X86,0X31,0X0C,0X63,0X3C,0XE7,
 129          0XFF,0XFF,0X79,0XD6,0X46,0XB9,0X00,0XE0,0X42,0XC8,0X82,0XA8,0X82,0XB0,0X41,0XD8,
 130          0X82,0XE8,0X82,0XF0,0X41,0XE8,0X41,0XE8,0X41,0XE8,0X41,0XF0,0X41,0XE8,0X41,0XD8,
 131          0X04,0XC1,0X08,0X92,0X4D,0X8B,0X34,0XA5,0XFB,0XC6,0XFB,0XD6,0XBA,0XCE,0X3C,0XE7,
 132          0X30,0X84,0XC3,0X18,0X41,0X08,0X41,0X08,0X00,0X00,0X41,0X08,0XCF,0X7B,0X7D,0XEF,
 133          0X49,0X4A,0X00,0X00,0X04,0X21,0X45,0X29,0X46,0X31,0X86,0X31,0X30,0X84,0XFF,0XFF,
 134          0XFF,0XF7,0XF7,0XDD,0X09,0XDA,0X83,0XF8,0X01,0XF0,0X42,0XC0,0X82,0X98,0X49,0X9A,
 135          0XF3,0XB4,0XF3,0XCC,0X71,0XBC,0X8E,0XBB,0X8E,0XBB,0X30,0XBC,0X71,0XBC,0XF3,0XBC,
 136          0XB6,0XBD,0XFB,0XCE,0XBE,0XE7,0X7D,0XE7,0X3B,0XDF,0XBA,0XD6,0X79,0XCE,0XFB,0XDE,
 137          0X75,0XAD,0X86,0X31,0X41,0X08,0X41,0X08,0X00,0X00,0X00,0X00,0X49,0X4A,0XFB,0XDE,
 138          0X04,0X21,0X41,0X08,0X04,0X21,0X45,0X29,0X45,0X29,0X87,0X39,0XB2,0X94,0XFF,0XFF,
 139          0XBE,0XF7,0X34,0XDD,0X0C,0XEB,0X09,0XFA,0X00,0XF0,0X01,0XD8,0X00,0XD8,0X8B,0XD2,
 140          0X7D,0XE7,0XFF,0XFF,0XFF,0XFF,0XFF,0XFF,0XFF,0XFF,0XFF,0XFF,0XFF,0XFF,0XFF,0XFF,
 141          0XFF,0XFF,0XBE,0XFF,0X7D,0XEF,0XFB,0XDE,0XFB,0XDE,0XBA,0XD6,0X79,0XCE,0XBA,0XD6,
 142          0X78,0XC6,0XC7,0X39,0X00,0X00,0X41,0X08,0X00,0X00,0X00,0X00,0XC7,0X39,0X79,0XCE,
 143          0X00,0X00,0X82,0X10,0XC3,0X18,0X04,0X21,0X05,0X29,0X86,0X31,0XB3,0X9C,0XFF,0XFF,
 144          0XFF,0XF7,0X75,0XDD,0XC7,0XE9,0XC7,0XF9,0X01,0XF8,0X01,0XF0,0X00,0XE8,0X49,0XE2,
 145          0XFB,0XEE,0XFF,0XFF,0XFF,0XFF,0XFF,0XFF,0XFF,0XFF,0XFF,0XFF,0XFF,0XFF,0XFF,0XFF,
 146          0XFF,0XFF,0XBE,0XF7,0X7D,0XEF,0XFB,0XDE,0XFB,0XDE,0XBA,0XD6,0X79,0XCE,0XBA,0XD6,
 147          0XB9,0XCE,0X08,0X42,0X00,0X00,0X00,0X00,0X00,0X00,0X00,0X00,0XC7,0X39,0X38,0XC6,
 148          0X00,0X00,0X82,0X10,0X82,0X10,0X04,0X21,0X04,0X21,0X45,0X29,0X30,0X84,0XFF,0XFF,
 149          0XFF,0XFF,0X38,0XDE,0XC4,0XD0,0X00,0XF0,0X01,0XF8,0X00,0XF8,0X00,0XF0,0X08,0XD2,
 150          0XFB,0XE6,0XFF,0XFF,0XFF,0XFF,0XFF,0XFF,0XFF,0XFF,0XFF,0XFF,0XFF,0XFF,0XFF,0XFF,
 151          0XFF,0XFF,0XBE,0XF7,0X7D,0XEF,0XFB,0XDE,0XBA,0XD6,0X79,0XCE,0X79,0XCE,0XBA,0XD6,
 152          0X79,0XCE,0XC7,0X39,0X41,0X08,0X00,0X00,0X00,0X00,0X00,0X00,0X86,0X31,0X38,0XC6,
 153          0X00,0X00,0X00,0X00,0XC3,0X18,0XCB,0X5A,0X86,0X31,0XC3,0X18,0XCB,0X5A,0X7D,0XEF,
 154          0XFF,0XFF,0X7D,0XEF,0XCF,0XBB,0XC3,0XB0,0X41,0XD0,0X41,0XD0,0X82,0XB8,0X4D,0XB3,
 155          0X7D,0XE7,0XFF,0XFF,0XFF,0XFF,0XFF,0XFF,0XFF,0XFF,0XFF,0XFF,0XFF,0XFF,0XFF,0XFF,
 156          0XBE,0XF7,0XBE,0XF7,0X3D,0XEF,0XFB,0XDE,0XBA,0XD6,0X79,0XCE,0X79,0XCE,0XFA,0XD6,
 157          0XF7,0XBD,0X04,0X21,0X86,0X31,0X04,0X21,0X00,0X00,0X00,0X00,0X86,0X31,0X38,0XC6,
 158          0X86,0X31,0XC3,0X18,0XCB,0X5A,0X75,0XAD,0XCF,0X7B,0X41,0X08,0X86,0X31,0XF7,0XBD,
 159          0XFF,0XFF,0XFF,0XFF,0XBE,0XEF,0X74,0XB5,0X30,0X9C,0X30,0X9C,0X72,0XA4,0XBB,0XD6,
 160          0XFF,0XFF,0XFF,0XFF,0XFF,0XFF,0XFF,0XFF,0XFF,0XFF,0XFF,0XFF,0XFF,0XFF,0XFF,0XFF,
 161          0XBE,0XF7,0X7D,0XEF,0X3C,0XE7,0XFB,0XDE,0XBA,0XD6,0X79,0XCE,0X79,0XCE,0X3C,0XE7,
 162          0X71,0X8C,0X81,0X08,0X0C,0X63,0XCF,0X7B,0X82,0X10,0X00,0X00,0X8A,0X52,0X38,0XC6,
 163          0X75,0XAD,0X71,0X8C,0XB6,0XB5,0X3C,0XE7,0XFB,0XDE,0XC7,0X39,0X00,0X00,0XCF,0X73,
 164          0XFF,0XFF,0XFF,0XFF,0XFF,0XFF,0XFF,0XFF,0XFF,0XFF,0XFF,0XFF,0XFF,0XFF,0XFF,0XFF,
 165          0XFF,0XFF,0XFF,0XFF,0XFF,0XFF,0XFF,0XFF,0XFF,0XFF,0XFF,0XFF,0XFF,0XFF,0XBE,0XF7,
 166          0X7D,0XEF,0X7D,0XEF,0X3B,0XDF,0XFA,0XD6,0X79,0XCE,0X79,0XCE,0XFB,0XDE,0XB9,0XCE,
 167          0XC7,0X39,0XC4,0X20,0X71,0X8C,0XBA,0XD6,0X71,0X8C,0XCB,0X5A,0XB2,0X94,0XBA,0XD6,
 168          0XFF,0XFF,0X7D,0XEF,0X7D,0XEF,0XFF,0XFF,0XFF,0XFF,0XB6,0XB5,0X46,0X29,0X05,0X19,
 169          0X75,0XA5,0XFF,0XFF,0XFF,0XFF,0XFF,0XFF,0XFF,0XFF,0XFF,0XFF,0XFF,0XFF,0XFF,0XFF,
 170          0XFF,0XFF,0XFF,0XFF,0XFF,0XFF,0XFF,0XFF,0XFF,0XFF,0XFF,0XFF,0XFF,0XFF,0XBE,0XF7,
 171          0X7D,0XEF,0X3C,0XE7,0XFB,0XDE,0XBA,0XD6,0X79,0XCE,0XBA,0XD6,0XFC,0XDE,0X4E,0X63,
 172          0X42,0X08,0X0C,0X63,0XF7,0XBD,0XBE,0XF7,0XFF,0XFF,0XFB,0XDE,0XFB,0XDE,0XBE,0XF7,
 173          0XFF,0XFF,0XFF,0XFF,0XFF,0XFF,0XFF,0XFF,0XFF,0XFF,0XFF,0XFF,0XF4,0X9C,0X04,0X21,
 174          0X05,0X21,0XB6,0XA5,0XFF,0XFF,0XFF,0XFF,0XFF,0XFF,0XFF,0XFF,0XFF,0XFF,0XFF,0XFF,
 175          0XFF,0XFF,0XFF,0XFF,0XFF,0XFF,0XFF,0XFF,0XFF,0XFF,0XBE,0XF7,0XBE,0XF7,0X7D,0XEF,
 176          0X3C,0XE7,0XFB,0XDE,0XBA,0XD6,0X79,0XCE,0XFB,0XDE,0XBB,0XD6,0XD1,0X73,0X83,0X18,
 177          0X86,0X39,0X34,0X9D,0XBD,0XEF,0XFF,0XFF,0XFF,0XFF,0XFF,0XFF,0XFF,0XFF,0XFF,0XFF,
 178          0XFF,0XFF,0XFF,0XFF,0XFF,0XFF,0XFF,0XFF,0XBE,0XFF,0X35,0XD6,0XEB,0XCC,0X43,0XB3,
 179          0X40,0X51,0X05,0X19,0XF5,0X8C,0XBE,0XEF,0XFF,0XFF,0XFF,0XFF,0XFF,0XFF,0XFF,0XFF,
C51 COMPILER V9.00   TEXT1                                                                 05/11/2010 20:42:57 PAGE 4   

 180          0XFF,0XFF,0XFF,0XFF,0XFF,0XFF,0XBE,0XF7,0XBE,0XF7,0X7D,0XEF,0X7D,0XEF,0X3C,0XE7,
 181          0XFB,0XDE,0XBA,0XDE,0XBA,0XD6,0X3C,0XDF,0X3A,0XBE,0X4F,0X63,0X82,0X49,0X40,0XA3,
 182          0X23,0XB4,0XCC,0X83,0X3A,0XBE,0XFF,0XFF,0XFF,0XFF,0XFF,0XFF,0XFF,0XFF,0XFF,0XFF,
 183          0XFF,0XFF,0XFF,0XFF,0XFF,0XFF,0XBF,0XF7,0XB5,0XBD,0X82,0X92,0X20,0XF4,0XA0,0XFC,
 184          0X60,0XE4,0X40,0X82,0X84,0X41,0X8F,0X6B,0X77,0XAD,0X3D,0XE7,0XFF,0XFF,0XFF,0XFF,
 185          0XFE,0XFF,0XBE,0XF7,0XBE,0XF7,0XBE,0XF7,0X7D,0XEF,0X7D,0XEF,0X3C,0XE7,0XFB,0XDE,
 186          0XFB,0XDE,0X3D,0XE7,0XBB,0XCE,0X36,0X9D,0X0B,0X6B,0X41,0X6A,0X60,0XC4,0X20,0XFE,
 187          0X60,0XF5,0X00,0X8B,0XC7,0X6A,0X38,0XC6,0XBE,0XF7,0XFF,0XFF,0XFF,0XFF,0XFF,0XFF,
 188          0XFF,0XFF,0XFF,0XFF,0XFF,0XFF,0X7D,0XEF,0X4B,0X7B,0X80,0XB2,0XA0,0XFC,0XA0,0XFC,
 189          0XE0,0XFC,0XE0,0XFC,0XC0,0XCB,0XC1,0X8A,0X45,0X62,0X4D,0X6B,0XB3,0X94,0XF7,0XBD,
 190          0X3D,0XDF,0XFF,0XF7,0XFF,0XFF,0XBE,0XF7,0X7D,0XEF,0X7D,0XEF,0X7D,0XE7,0X3D,0XDF,
 191          0XBA,0XC6,0X75,0XA5,0X8D,0X7B,0X84,0X7A,0X40,0XB3,0XE0,0XEC,0XE0,0XFD,0XE0,0XFD,
 192          0X60,0XF5,0X20,0XE5,0XA0,0XD4,0X0A,0X6B,0XFB,0XDE,0XFF,0XFF,0XFF,0XFF,0XFF,0XFF,
 193          0XFF,0XFF,0XFF,0XFF,0XFF,0XFF,0X7D,0XEF,0XCC,0X93,0X40,0XEB,0X60,0XFC,0XA0,0XFC,
 194          0XE0,0XFC,0X20,0XFD,0X60,0XFD,0X20,0XF5,0XA0,0XD4,0XC0,0XBB,0X42,0X9B,0X45,0X8B,
 195          0X6B,0X9C,0XAE,0X9C,0X71,0X8C,0XB3,0X94,0X33,0X9D,0X34,0XA5,0XF2,0XA4,0XF0,0XB4,
 196          0XCA,0X9B,0X04,0X9B,0X40,0XBB,0X20,0XE4,0X20,0XFD,0XA0,0XFD,0XA0,0XFD,0XE0,0XFD,
 197          0XE0,0XFD,0XE0,0XFD,0X20,0XC4,0X88,0X5A,0X38,0XBE,0XFF,0XFF,0XFF,0XFF,0XFF,0XFF,
 198          0XFF,0XFF,0XFF,0XFF,0XFF,0XFF,0XFF,0XFF,0X78,0XD6,0X46,0XAB,0X40,0XDB,0X20,0XF4,
 199          0X60,0XFC,0XA0,0XFC,0XE0,0XFC,0X60,0XFD,0XA0,0XFD,0X60,0XFD,0X20,0XF5,0XA0,0XDC,
 200          0XC0,0XB3,0XC0,0X51,0X86,0X29,0X0D,0X63,0X8F,0X7B,0X0D,0X5B,0XC7,0X41,0X01,0X82,
 201          0X00,0XC3,0XC0,0XE3,0X60,0XFC,0XA0,0XFC,0XE0,0XFC,0XE0,0XFC,0X60,0XF5,0X60,0XF5,
 202          0X20,0XE5,0X80,0X9B,0X86,0X62,0X30,0X84,0X79,0XCE,0XFF,0XFF,0XFF,0XFF,0XFF,0XFF,
 203          0XFF,0XFF,0XFF,0XFF,0XFF,0XFF,0XFF,0XFF,0XFF,0XFF,0X38,0XC6,0X2D,0X9C,0X05,0X93,
 204          0X43,0XA3,0X82,0XB3,0XC2,0XBB,0XC2,0XBB,0X22,0XB4,0X82,0XA3,0X42,0X93,0XC3,0X7A,
 205          0X85,0X62,0X0B,0X63,0X71,0X84,0XB6,0XB5,0X79,0XCE,0X79,0XC6,0XB5,0XAD,0X70,0X94,
 206          0X4A,0X8B,0X06,0X83,0X04,0X93,0X04,0X9B,0X43,0X9B,0X43,0X9B,0X43,0X93,0X04,0X83,
 207          0X08,0X73,0X8D,0X73,0XB3,0X94,0X79,0XCE,0X7D,0XEF,0XFF,0XFF,0XFF,0XFF,0XFF,0XFF,
 208          0XFF,0XFF,0XFF,0XFF,0XFF,0XFF,0XFF,0XFF,0XFF,0XFF,0XFF,0XFF,0X3C,0XDF,0X38,0XBE,
 209          0X75,0XB5,0X33,0XA5,0X33,0XA5,0XF3,0X9C,0XF3,0X9C,0XF3,0X9C,0XF3,0X94,0XF3,0X9C,
 210          0X35,0XA5,0XF8,0XBD,0XFB,0XDE,0XBE,0XF7,0XFF,0XFF,0XFF,0XFF,0XFF,0XFF,0X7E,0XEF,
 211          0XBB,0XD6,0XF8,0XBD,0XB6,0XAD,0X75,0XAD,0X34,0XA5,0X33,0X9D,0X34,0X9D,0X35,0XA5,
 212          0XB7,0XAD,0X79,0XC6,0X3C,0XE7,0XBE,0XF7,0XFF,0XFF,0XFF,0XFF,0XFF,0XFF,0XFF,0XFF,
 213          };
 214          
 215          void delayms(int count)  // /* X1ms */
 216          {
 217   1              int i,j;
 218   1              for(i=0;i<count;i++)
 219   1                      for(j=0;j<100;j++);
 220   1      }
 221          
 222          #ifdef  Bus_16    //条件编译-16位数据模式   
 223          void LCD_Writ_Bus(char VH,char VL)   //并行数据写入函数
 224          {
 225   1          LCD_DataPortH=VH;   
 226   1              LCD_DataPortL=VL;               
 227   1              LCD_WR=0;
 228   1              LCD_WR=1; 
 229   1      }
 230          #else                   //条件编译-8位数据模式 
              void LCD_Writ_Bus(char VH,char VL)   //并行数据写入函数
              {       
                  LCD_DataPortH=VH;   
                      LCD_WR=0;
                      LCD_WR=1;
                      LCD_DataPortH=VL;               
                      LCD_WR=0;
                      LCD_WR=1;
              }
              #endif
 241          
C51 COMPILER V9.00   TEXT1                                                                 05/11/2010 20:42:57 PAGE 5   

 242          void LCD_Write_COM(char VH,char VL)      //发送命令
 243          {       
 244   1          LCD_RS=0;
 245   1              LCD_Writ_Bus(VH,VL);
 246   1      }
 247          
 248          
 249          void LCD_Write_DATA(char VH,char VL)    //发送数据
 250          {
 251   1          LCD_RS=1;
 252   1              LCD_Writ_Bus(VH,VL);
 253   1      }
 254          
 255          void Address_set(unsigned int x1,unsigned int y1,unsigned int x2,unsigned int y2)
 256          {
 257   1              LCD_Write_COM(0x00,0x20);LCD_Write_DATA(x1>>8,x1);        //设置X坐标位置
 258   1          LCD_Write_COM(0x00,0x21);LCD_Write_DATA(y1>>8,y1);   //设置Y坐标位置
 259   1          LCD_Write_COM(0x00,0x50);LCD_Write_DATA(x1>>8,x1);   //开始X
 260   1              LCD_Write_COM(0x00,0x52);LCD_Write_DATA(y1>>8,y1);        //开始Y
 261   1          LCD_Write_COM(0x00,0x51);LCD_Write_DATA(x2>>8,x2);   //结束X
 262   1              LCD_Write_COM(0x00,0x53);LCD_Write_DATA(y2>>8,y2);   //结束Y
 263   1          LCD_Write_COM(0x00,0x22);                                                    
 264   1      }
 265          
 266          void LCD_Init(void)
 267          {
 268   1      
 269   1          LCD_REST=1;
 270   1          delayms(5); 
 271   1              LCD_REST=0;
 272   1              delayms(5);
 273   1              LCD_REST=1;
 274   1              delayms(5);
 275   1      
 276   1              LCD_CS =0;  //打开片选使能
 277   1              //************* Start Initial Sequence **********//
 278   1              LCD_Write_COM(0x00,0xE5); LCD_Write_DATA(0x78,0xF0); // set SRAM internal timing
 279   1              LCD_Write_COM(0x00,0x01); LCD_Write_DATA(0x01,0x00); // set SS and SM bit
 280   1              LCD_Write_COM(0x00,0x02); LCD_Write_DATA(0x07,0x00); // set 1 line inversion
 281   1              LCD_Write_COM(0x00,0x03); LCD_Write_DATA(0x10,0x30); // set GRAM write direction and BGR=1.
 282   1              LCD_Write_COM(0x00,0x04); LCD_Write_DATA(0x00,0x00); // Resize register
 283   1              LCD_Write_COM(0x00,0x08); LCD_Write_DATA(0x02,0x07); // set the back porch and front porch
 284   1              LCD_Write_COM(0x00,0x09); LCD_Write_DATA(0x00,0x00); // set non-display area refresh cycle ISC[3:0]
 285   1              LCD_Write_COM(0x00,0x0A); LCD_Write_DATA(0x00,0x00); // FMARK function
 286   1              LCD_Write_COM(0x00,0x0C); LCD_Write_DATA(0x00,0x00); // RGB interface setting
 287   1              LCD_Write_COM(0x00,0x0D); LCD_Write_DATA(0x00,0x00); // Frame marker Position
 288   1              LCD_Write_COM(0x00,0x0F); LCD_Write_DATA(0x00,0x00); // RGB interface polarity
 289   1              //*************Power On sequence ****************//
 290   1              LCD_Write_COM(0x00,0x10); LCD_Write_DATA(0x00,0x00); // SAP, BT[3:0], AP, DSTB, SLP, STB
 291   1              LCD_Write_COM(0x00,0x11); LCD_Write_DATA(0x00,0x07); // DC1[2:0], DC0[2:0], VC[2:0]
 292   1              LCD_Write_COM(0x00,0x12); LCD_Write_DATA(0x00,0x00); // VREG1OUT voltage
 293   1              LCD_Write_COM(0x00,0x13); LCD_Write_DATA(0x00,0x00); // VDV[4:0] for VCOM amplitude
 294   1              LCD_Write_COM(0x00,0x07); LCD_Write_DATA(0x00,0x01);
 295   1              delayms(50); // Dis-charge capacitor power voltage
 296   1              LCD_Write_COM(0x00,0x10); LCD_Write_DATA(0x10,0x90); // 1490//SAP, BT[3:0], AP, DSTB, SLP, STB
 297   1              LCD_Write_COM(0x00,0x11); LCD_Write_DATA(0x02,0x27); // DC1[2:0], DC0[2:0], VC[2:0]
 298   1              delayms(50); // Delay 50ms
 299   1              LCD_Write_COM(0x00,0x12); LCD_Write_DATA(0x00,0x1F); //001C// Internal reference voltage= Vci;
 300   1              delayms(50); // Delay 50ms
 301   1              LCD_Write_COM(0x00,0x13); LCD_Write_DATA(0x15,0x00); //0x1000//1400   Set VDV[4:0] for VCOM amplitude  1A
             -00
 302   1              LCD_Write_COM(0x00,0x29); LCD_Write_DATA(0x00,0x27); //0x0012 //001a  Set VCM[5:0] for VCOMH  //0x0025  0
C51 COMPILER V9.00   TEXT1                                                                 05/11/2010 20:42:57 PAGE 6   

             -034
 303   1              LCD_Write_COM(0x00,0x2B); LCD_Write_DATA(0x00,0x0D); // Set Frame Rate   000C
 304   1              delayms(50); // Delay 50ms
 305   1              LCD_Write_COM(0x00,0x20); LCD_Write_DATA(0x00,0x00); // GRAM horizontal Address
 306   1              LCD_Write_COM(0x00,0x21); LCD_Write_DATA(0x00,0x00); // GRAM Vertical Address
 307   1              // ----------- Adjust the Gamma Curve ----------//
 308   1              LCD_Write_COM(0x00,0x30); LCD_Write_DATA(0x00,0x00);
 309   1              LCD_Write_COM(0x00,0x31); LCD_Write_DATA(0x07,0x07);
 310   1              LCD_Write_COM(0x00,0x32); LCD_Write_DATA(0x03,0x07);
 311   1              LCD_Write_COM(0x00,0x35); LCD_Write_DATA(0x02,0x00);
 312   1              LCD_Write_COM(0x00,0x36); LCD_Write_DATA(0x00,0x08);//0207
 313   1              LCD_Write_COM(0x00,0x37); LCD_Write_DATA(0x00,0x04);//0306
 314   1              LCD_Write_COM(0x00,0x38); LCD_Write_DATA(0x00,0x00);//0102
 315   1              LCD_Write_COM(0x00,0x39); LCD_Write_DATA(0x07,0x07);//0707
 316   1              LCD_Write_COM(0x00,0x3C); LCD_Write_DATA(0x00,0x02);//0702
 317   1              LCD_Write_COM(0x00,0x3D); LCD_Write_DATA(0x1D,0x04);//1604
 318   1              
 319   1              //------------------ Set GRAM area ---------------//
 320   1              LCD_Write_COM(0x00,0x50); LCD_Write_DATA(0x00,0x00); // Horizontal GRAM Start Address
 321   1              LCD_Write_COM(0x00,0x51); LCD_Write_DATA(0x00,0xEF); // Horizontal GRAM End Address
 322   1              LCD_Write_COM(0x00,0x52); LCD_Write_DATA(0x00,0x00); // Vertical GRAM Start Address
 323   1              LCD_Write_COM(0x00,0x53); LCD_Write_DATA(0x01,0x3F); // Vertical GRAM Start Address
 324   1              LCD_Write_COM(0x00,0x60); LCD_Write_DATA(0xA7,0x00); // Gate Scan Line
 325   1              LCD_Write_COM(0x00,0x61); LCD_Write_DATA(0x00,0x01); // NDL,VLE, REV
 326   1              LCD_Write_COM(0x00,0x6A); LCD_Write_DATA(0x00,0x00); // set scrolling line
 327   1              //-------------- Partial Display Control ---------//
 328   1              LCD_Write_COM(0x00,0x80); LCD_Write_DATA(0x00,0x00);
 329   1              LCD_Write_COM(0x00,0x81); LCD_Write_DATA(0x00,0x00);
 330   1              LCD_Write_COM(0x00,0x82); LCD_Write_DATA(0x00,0x00);
 331   1              LCD_Write_COM(0x00,0x83); LCD_Write_DATA(0x00,0x00);
 332   1              LCD_Write_COM(0x00,0x84); LCD_Write_DATA(0x00,0x00);
 333   1              LCD_Write_COM(0x00,0x85); LCD_Write_DATA(0x00,0x00);
 334   1              //-------------- Panel Control -------------------//
 335   1              LCD_Write_COM(0x00,0x90); LCD_Write_DATA(0x00,0x10);
 336   1              LCD_Write_COM(0x00,0x92); LCD_Write_DATA(0x06,0x00);
 337   1              LCD_Write_COM(0x00,0x07); LCD_Write_DATA(0x01,0x33); // 262K color and display ON
 338   1              LCD_CS =1;  //关闭片选使能
 339   1      
 340   1      }
 341          
 342          void Pant(char VH,char VL)
 343          {
 344   1              int i,j;
 345   1              LCD_CS =0;  //打开片选使能
 346   1              Address_set(0,0,240,320);
 347   1          for(i=0;i<320;i++)
 348   1               {
 349   2                for (j=0;j<240;j++)
 350   2                      {
 351   3                       LCD_Write_DATA(VH,VL);
 352   3                  }
 353   2      
 354   2                }
 355   1           LCD_CS =1;  //关闭片选使能
 356   1      }
 357          
 358          main()
 359          {
 360   1              int i,j,k;
 361   1              LCD_Init();          //TFT初始化
 362   1              Pant(0xff,0xff);         //TFT清屏                                                              
 363   1              
C51 COMPILER V9.00   TEXT1                                                                 05/11/2010 20:42:57 PAGE 7   

 364   1              LCD_CS =0;  //打开片选使能
 365   1              for(k=0;k<8;k++)     //刷图片
 366   1              {
 367   2                      for(j=0;j<6;j++)
 368   2                      {       
 369   3                              Address_set(40*j,40*k,40*j+39,40*k+39);
 370   3                          for(i=0;i<1600;i++)
 371   3                               {
 372   4                                LCD_Write_DATA(image[i*2+1],image[i*2]);
 373   4                      
 374   4                                }
 375   3                       }
 376   2              }
 377   1              LCD_CS =1;  //关闭片选使能
 378   1      
 379   1      
 380   1              while(1)
 381   1              {
 382   2              LCD_Init();          //TFT初始化
 383   2              Pant(0xff,0xff);         //TFT清屏                                                                      
 384   2              
 385   2              LCD_CS =0;  //打开片选使能
 386   2              for(k=0;k<8;k++)     //刷图片
 387   2              {
 388   3                      for(j=0;j<6;j++)
 389   3                      {       
 390   4                              Address_set(40*j,40*k,40*j+39,40*k+39);
 391   4                          for(i=0;i<1600;i++)
 392   4                               {
 393   5                                LCD_Write_DATA(image[i*2+1],image[i*2]);
 394   5                      
 395   5                                }
 396   4                       }
 397   3              }
 398   2              LCD_CS =1;  //关闭片选使能
 399   2              delayms(1000);
 400   2      
 401   2          }
 402   1      
 403   1      
 404   1      
 405   1      }
 406          
 407          
 408          
 409          
 410          
 411          
 412          
 413          
 414          
 415          
 416          
 417          
 418          


MODULE INFORMATION:   STATIC OVERLAYABLE
   CODE SIZE        =   1063    ----
   CONSTANT SIZE    =   3200    ----
   XDATA SIZE       =   ----    ----
   PDATA SIZE       =   ----    ----
C51 COMPILER V9.00   TEXT1                                                                 05/11/2010 20:42:57 PAGE 8   

   DATA SIZE        =   ----      15
   IDATA SIZE       =   ----    ----
   BIT SIZE         =   ----    ----
END OF MODULE INFORMATION.


C51 COMPILATION COMPLETE.  0 WARNING(S),  0 ERROR(S)
