C51 COMPILER V9.00   TEXT1                                                                 04/07/2010 22:00:51 PAGE 1   


C51 COMPILER V9.00, COMPILATION OF MODULE TEXT1
OBJECT MODULE PLACED IN Text1.OBJ
COMPILER INVOKED BY: C:\Keil\C51\BIN\C51.EXE Text1.c BROWSE DEBUG OBJECTEXTEND

line level    source

   1          #include <reg52.h>
   2          sbit LCD_RS = P3^5;   //数据/命令切换
   3          sbit LCD_REST = P1^2;         //复位 
   4          sbit LCD_WR = P3^6;               //写控制
   5          sbit LCD_RD =P3^7;                //读控制
   6          sbit LCD_CS=P1^0;               
   7                  
   8          
   9          
  10          
  11          unsigned char code image[3200]={ /* 0X00,0X10,0X28,0X00,0X28,0X00,0X01,0X1B,*/
  12          0XFF,0XFF,0XFF,0XFF,0XFF,0XFF,0XFF,0XFF,0XFF,0XFF,0XFF,0XFF,0XFF,0XFF,0XFF,0XFF,
  13          0XFF,0XFF,0XFF,0XFF,0XFF,0XFF,0XFF,0XFF,0XFF,0XFF,0XFF,0XFF,0XBE,0XF7,0X7D,0XEF,
  14          0XBA,0XD6,0XB6,0XB5,0XF3,0X9C,0XB2,0X94,0XB3,0X9C,0XB2,0X94,0X34,0XA5,0XF7,0XBD,
  15          0XFB,0XDE,0X7D,0XEF,0XFF,0XFF,0XFF,0XFF,0XFF,0XFF,0XFF,0XFF,0XFF,0XFF,0XFF,0XFF,
  16          0XFF,0XFF,0XFF,0XFF,0XFF,0XFF,0XFF,0XFF,0XFF,0XFF,0XFF,0XFF,0XFF,0XFF,0XFF,0XFF,
  17          0XFF,0XFF,0XFF,0XFF,0XFF,0XFF,0XFF,0XFF,0XFF,0XFF,0XFF,0XFF,0XFF,0XFF,0XFF,0XFF,
  18          0XFF,0XFF,0XFF,0XFF,0XFF,0XFF,0XFF,0XFF,0XBE,0XF7,0XFB,0XDE,0XF3,0X9C,0XCB,0X5A,
  19          0XC7,0X39,0X04,0X21,0X82,0X10,0X42,0X10,0X42,0X10,0X41,0X08,0X83,0X18,0X45,0X29,
  20          0XC7,0X39,0X0C,0X63,0X75,0XAD,0X3C,0XE7,0XBE,0XF7,0XFF,0XFF,0XFF,0XFF,0XFF,0XFF,
  21          0XFF,0XFF,0XFF,0XFF,0XFF,0XFF,0XFF,0XFF,0XFF,0XFF,0XFF,0XFF,0XFF,0XFF,0XFF,0XFF,
  22          0XFF,0XFF,0XFF,0XFF,0XFF,0XFF,0XFF,0XFF,0XFF,0XFF,0XFF,0XFF,0XFF,0XFF,0XFF,0XFF,
  23          0XFF,0XFF,0XFF,0XFF,0XFF,0XFF,0X3C,0XE7,0XB2,0X94,0X08,0X42,0XC3,0X18,0X82,0X10,
  24          0X04,0X21,0X45,0X29,0X86,0X31,0X86,0X31,0X86,0X31,0X86,0X31,0X45,0X29,0X04,0X21,
  25          0X82,0X10,0X41,0X08,0XC3,0X18,0X08,0X42,0XF3,0X9C,0X3C,0XE7,0XFF,0XFF,0XFF,0XFF,
  26          0XFF,0XFF,0XFF,0XFF,0XFF,0XFF,0XFF,0XFF,0XFF,0XFF,0XFF,0XFF,0XFF,0XFF,0XFF,0XFF,
  27          0XFF,0XFF,0XFF,0XFF,0XFF,0XFF,0XFF,0XFF,0XFF,0XFF,0XFF,0XFF,0XFF,0XFF,0XFF,0XFF,
  28          0XFF,0XFF,0XFF,0XFF,0XFB,0XDE,0X0C,0X63,0XC3,0X18,0XC3,0X18,0X45,0X29,0XC7,0X39,
  29          0X08,0X42,0X08,0X42,0X08,0X42,0X08,0X42,0X08,0X42,0X08,0X42,0XC7,0X39,0XC7,0X39,
  30          0X86,0X31,0X86,0X31,0X04,0X21,0X41,0X08,0X82,0X10,0XCB,0X5A,0XBA,0XD6,0XFF,0XFF,
  31          0XFF,0XFF,0XFF,0XFF,0XFF,0XFF,0XFF,0XFF,0XFF,0XFF,0XFF,0XFF,0XFF,0XFF,0XFF,0XFF,
  32          0XFF,0XFF,0XFF,0XFF,0XFF,0XFF,0XFF,0XFF,0XFF,0XFF,0XFF,0XFF,0XFF,0XFF,0XFF,0XFF,
  33          0XFF,0XFF,0XFB,0XDE,0XCB,0X5A,0X82,0X10,0X45,0X29,0XC7,0X39,0X08,0X42,0X08,0X42,
  34          0X09,0X4A,0X49,0X4A,0X49,0X4A,0X49,0X4A,0X49,0X4A,0X49,0X4A,0X08,0X42,0XC7,0X39,
  35          0XC7,0X39,0XC7,0X39,0X86,0X31,0X45,0X29,0X83,0X18,0X00,0X00,0XC8,0X41,0X38,0XC6,
  36          0XFF,0XFF,0XFF,0XFF,0XFF,0XFF,0XFF,0XFF,0XFF,0XFF,0XFF,0XFF,0XFF,0XFF,0XFF,0XFF,
  37          0XFF,0XFF,0XFF,0XFF,0XFF,0XFF,0XFF,0XFF,0XFF,0XFF,0XFF,0XFF,0XFF,0XFF,0XFF,0XFF,
  38          0X7D,0XEF,0X8E,0X73,0X82,0X10,0X45,0X29,0XC7,0X39,0X08,0X42,0X09,0X4A,0X8A,0X52,
  39          0X30,0X84,0XCF,0X7B,0X8A,0X52,0X49,0X4A,0X4A,0X52,0X49,0X4A,0XCB,0X5A,0XCF,0X7B,
  40          0X0C,0X63,0X08,0X42,0XC7,0X39,0X86,0X31,0X45,0X29,0XC3,0X18,0X00,0X00,0X49,0X4A,
  41          0XBA,0XD6,0XFF,0XFF,0XFF,0XFF,0XFF,0XFF,0XFF,0XFF,0XFF,0XFF,0XFF,0XFF,0XFF,0XFF,
  42          0XFF,0XFF,0XFF,0XFF,0XFF,0XFF,0XFF,0XFF,0XFF,0XFF,0XFF,0XFF,0XFF,0XFF,0XFF,0XFF,
  43          0XF3,0X9C,0XC3,0X18,0X04,0X21,0XC7,0X39,0X08,0X42,0X49,0X4A,0X49,0X4A,0X72,0X94,
  44          0X7D,0XEF,0X7D,0XEF,0XB2,0X94,0X4A,0X52,0X49,0X4A,0X8A,0X52,0X75,0XAD,0XBE,0XF7,
  45          0XBA,0XD6,0X4D,0X6B,0XC7,0X39,0XC7,0X39,0X86,0X31,0X45,0X29,0XC3,0X18,0X41,0X08,
  46          0XCF,0X7B,0X7C,0XE7,0XFF,0XFF,0XFF,0XFF,0XFF,0XFF,0XFF,0XFF,0XFF,0XFF,0XFF,0XFF,
  47          0XFF,0XFF,0XFF,0XFF,0XFF,0XFF,0XFF,0XFF,0XFF,0XFF,0XFF,0XFF,0XFF,0XFF,0XBA,0XD6,
  48          0X08,0X42,0X82,0X10,0XC7,0X39,0X08,0X42,0X49,0X4A,0X49,0X4A,0X8E,0X73,0XFB,0XDE,
  49          0XFF,0XFF,0XBE,0XF7,0XBA,0XD6,0X8E,0X73,0X08,0X42,0X30,0X84,0X3C,0XE7,0X7D,0XEF,
  50          0XFF,0XFF,0XB6,0XB5,0X49,0X4A,0XC7,0X39,0X86,0X31,0X45,0X29,0X04,0X21,0X41,0X08,
  51          0X45,0X29,0XB6,0XB5,0XFF,0XFF,0XFF,0XFF,0XFF,0XFF,0XFF,0XFF,0XFF,0XFF,0XFF,0XFF,
  52          0XFF,0XFF,0XFF,0XFF,0XFF,0XFF,0XFF,0XFF,0XFF,0XFF,0XFF,0XFF,0XBE,0XF7,0X71,0X8C,
  53          0X41,0X08,0X45,0X29,0X08,0X42,0X49,0X4A,0X49,0X4A,0X4A,0X52,0XB2,0X94,0XBE,0XF7,
  54          0XBE,0XF7,0XB2,0X94,0XCF,0X7B,0XCF,0X7B,0X49,0X4A,0XB6,0XB5,0XF3,0X9C,0X0C,0X63,
  55          0X38,0XC6,0XBA,0XD6,0X0C,0X63,0X87,0X39,0XC7,0X39,0X86,0X31,0X45,0X29,0XC3,0X18,
C51 COMPILER V9.00   TEXT1                                                                 04/07/2010 22:00:51 PAGE 2   

  56          0X41,0X08,0X30,0X84,0X7D,0XEF,0XFF,0XFF,0XFF,0XFF,0XFF,0XFF,0XFF,0XFF,0XFF,0XFF,
  57          0XFF,0XFF,0XFF,0XFF,0XFF,0XFF,0XFF,0XFF,0XFF,0XFF,0XFF,0XFF,0X3C,0XE7,0XCB,0X5A,
  58          0X41,0X08,0XC7,0X39,0X08,0X42,0X49,0X4A,0X4A,0X52,0X8A,0X52,0XF3,0X9C,0XFF,0XFF,
  59          0X7D,0XEF,0XC7,0X39,0XC3,0X18,0X0C,0X63,0XCB,0X5A,0XB6,0XB5,0XB2,0X94,0XCB,0X5A,
  60          0X75,0XAD,0XFA,0XD6,0X4D,0X6B,0X87,0X39,0XC7,0X39,0X86,0X31,0X45,0X29,0X04,0X21,
  61          0X41,0X08,0X8A,0X52,0X79,0XCE,0XFF,0XFF,0XFF,0XFF,0XFF,0XFF,0XFF,0XFF,0XFF,0XFF,
  62          0XFF,0XFF,0XFF,0XFF,0XFF,0XFF,0XFF,0XFF,0XFF,0XFF,0XFF,0XFF,0X38,0XC6,0X86,0X31,
  63          0X04,0X21,0XC8,0X41,0X49,0X4A,0X49,0X4A,0X4A,0X52,0X49,0X4A,0XB1,0X8C,0XBE,0XF7,
  64          0XBE,0XF7,0XB2,0X94,0XCF,0X7B,0XCF,0X7B,0X49,0X4A,0X74,0XA5,0X7D,0XEF,0X7C,0XE7,
  65          0XBE,0XF7,0X79,0XCE,0X0C,0X63,0XC7,0X39,0XC7,0X39,0X86,0X31,0X45,0X29,0X04,0X21,
  66          0X82,0X10,0X45,0X29,0X75,0XAD,0XBE,0XF7,0XFF,0XFF,0XFF,0XFF,0XFF,0XFF,0XFF,0XFF,
  67          0XFF,0XFF,0XFF,0XFF,0XFF,0XFF,0XFF,0XFF,0XFF,0XFF,0XFF,0XFF,0X34,0XA5,0X82,0X10,
  68          0X86,0X31,0X08,0X42,0X49,0X4A,0X49,0X4A,0X8A,0X52,0X49,0X4A,0X4D,0X6B,0XBA,0XD6,
  69          0XFF,0XFF,0XFF,0XFF,0X79,0XCE,0X0D,0X63,0XC7,0X39,0XCF,0X7B,0X7D,0XEF,0XFF,0XFF,
  70          0XFF,0XFF,0X75,0XAD,0X08,0X42,0X86,0X31,0XC7,0X39,0X86,0X31,0X45,0X29,0X45,0X29,
  71          0XC3,0X18,0XC3,0X18,0XB2,0X94,0X7D,0XEF,0XFF,0XFF,0XFF,0XFF,0XFF,0XFF,0XFF,0XFF,
  72          0XFF,0XFF,0XFF,0XFF,0XFF,0XFF,0XFF,0XFF,0XFF,0XFF,0XBE,0XF7,0XB2,0X8C,0X41,0X08,
  73          0XC7,0X39,0X08,0X42,0X49,0X4A,0X49,0X4A,0X8A,0X52,0X8A,0X52,0X4A,0X4A,0XD0,0X7B,
  74          0X7A,0XC6,0X7B,0XBE,0X90,0X6B,0XC9,0X39,0X88,0X31,0XC9,0X39,0XB3,0X84,0XBB,0XC6,
  75          0XF8,0XB5,0XCC,0X5A,0X86,0X31,0XC7,0X39,0XC7,0X39,0X86,0X31,0X45,0X29,0X45,0X29,
  76          0XC4,0X20,0X41,0X08,0X30,0X84,0X3C,0XE7,0XFF,0XFF,0XFF,0XFF,0XFF,0XFF,0XFF,0XFF,
  77          0XFF,0XFF,0XFF,0XFF,0XFF,0XFF,0XFF,0XFF,0XFF,0XFF,0X3C,0XE7,0X8A,0X4A,0XC3,0X10,
  78          0XC7,0X39,0X08,0X42,0X49,0X4A,0X49,0X4A,0X4A,0X4A,0X4A,0X42,0X09,0X3A,0X08,0X4A,
  79          0X09,0X6B,0X49,0X7B,0XC6,0X7A,0X05,0X83,0X46,0X83,0XC5,0X7A,0XC6,0X72,0X09,0X7B,
  80          0X48,0X5A,0X87,0X31,0X88,0X21,0X88,0X29,0X86,0X31,0X86,0X31,0X45,0X29,0X45,0X29,
  81          0X04,0X21,0X41,0X08,0X4A,0X4A,0XBA,0XD6,0XFF,0XFF,0XFF,0XFF,0XFF,0XFF,0XFF,0XFF,
  82          0XFF,0XFF,0XFF,0XFF,0XFF,0XFF,0XFF,0XFF,0XFF,0XFF,0XF7,0XC5,0X82,0X50,0X05,0X41,
  83          0XC7,0X29,0X08,0X42,0X49,0X4A,0X4A,0X42,0X49,0X4A,0X09,0X7B,0X88,0X9B,0XC6,0XB3,
  84          0X21,0XD4,0XA0,0XDC,0XE1,0XE4,0X61,0XED,0X61,0XED,0X21,0XED,0XA0,0XE4,0X20,0XDC,
  85          0X80,0XCB,0X43,0XAB,0XC4,0X82,0X06,0X5A,0X47,0X21,0X46,0X29,0X45,0X29,0X04,0X29,
  86          0X04,0X19,0X82,0X10,0X82,0X18,0XF3,0X9C,0X7D,0XEF,0XFF,0XFF,0XFF,0XFF,0XFF,0XFF,
  87          0XFF,0XFF,0XFF,0XFF,0XFF,0XFF,0XFF,0XFF,0X7D,0XEF,0X4D,0X93,0X00,0XA0,0X82,0XB8,
  88          0XC7,0X31,0X09,0X32,0X49,0X4A,0X86,0X7A,0X43,0XC3,0X6B,0XED,0XF4,0XF6,0XEB,0XFD,
  89          0X20,0XFD,0X20,0XFD,0X60,0XFD,0XA0,0XFD,0XA0,0XFD,0X60,0XFD,0X60,0XFD,0X20,0XFD,
  90          0XE0,0XFC,0XA0,0XFC,0X60,0XF4,0XC1,0XDB,0X83,0X9A,0XC5,0X49,0X45,0X29,0X04,0X19,
  91          0XC4,0X20,0X82,0X38,0X00,0X50,0XCB,0X6A,0XBA,0XD6,0XFF,0XFF,0XFF,0XFF,0XFF,0XFF,
  92          0XFF,0XFF,0XFF,0XFF,0XFF,0XFF,0XFF,0XFF,0XFB,0XEE,0X04,0XA1,0X00,0XC0,0X00,0XF0,
  93          0XC3,0XA0,0XC8,0X41,0X49,0X42,0X05,0X9B,0X20,0XFC,0XA4,0XFC,0X69,0XFD,0XE8,0XFD,
  94          0X63,0XFD,0X20,0XFD,0X60,0XFD,0X60,0XFD,0X60,0XFD,0X20,0XFD,0X20,0XFD,0XE0,0XFC,
  95          0XE0,0XFC,0XA0,0XFC,0X60,0XFC,0X20,0XFC,0X41,0XD3,0XC5,0X49,0X45,0X19,0XC4,0X38,
  96          0X82,0X68,0X41,0X88,0X00,0X70,0X49,0X5A,0X79,0XCE,0XFF,0XFF,0XFF,0XFF,0XFF,0XFF,
  97          0XFF,0XFF,0XFF,0XFF,0XFF,0XFF,0XFF,0XFF,0XFB,0XF6,0X82,0XC0,0X00,0XD0,0X86,0XC1,
  98          0X46,0XF1,0X41,0XC8,0X45,0X79,0X89,0X52,0X88,0X62,0X86,0X6A,0XC6,0X7A,0XC4,0XBB,
  99          0XE1,0XFC,0X60,0XFD,0X60,0XFD,0XA0,0XFD,0XA0,0XFD,0X60,0XFD,0X60,0XFD,0XE0,0XFC,
 100          0X60,0XE4,0X03,0X93,0X84,0X72,0X44,0X6A,0XC5,0X41,0X45,0X29,0XC3,0X58,0X41,0XA8,
 101          0X40,0X98,0X00,0XB0,0X00,0X60,0X0C,0X6B,0X79,0XCE,0XFF,0XFF,0XFF,0XFF,0XFF,0XFF,
 102          0XFF,0XFF,0XFF,0XFF,0XFF,0XFF,0X7D,0XEF,0XCE,0X83,0X82,0X88,0X00,0XF8,0XC4,0XD8,
 103          0X0C,0XF3,0X8A,0XFA,0X82,0XE8,0X82,0XB0,0X45,0X69,0XC7,0X51,0X08,0X42,0X08,0X3A,
 104          0X86,0X5A,0X83,0X9B,0XA2,0XBC,0X22,0XCD,0X21,0XCD,0XA1,0XC4,0X22,0XB4,0XC4,0X7A,
 105          0X06,0X3A,0X86,0X29,0X45,0X29,0X05,0X31,0XC4,0X50,0X41,0X90,0X00,0XC0,0X00,0XA8,
 106          0X00,0XA0,0X00,0XA8,0X00,0X30,0X4A,0X4A,0XBA,0XD6,0XFF,0XFF,0XFF,0XFF,0XFF,0XFF,
 107          0XFF,0XFF,0XFF,0XFF,0X7D,0XEF,0X8E,0X73,0XC3,0X18,0X05,0X39,0X82,0XA8,0X00,0XF8,
 108          0XC3,0XF8,0X4D,0XFB,0X4D,0XFB,0XC7,0XF9,0XC3,0XF0,0X82,0XD8,0XC3,0XB0,0X04,0X81,
 109          0X45,0X61,0X46,0X51,0X86,0X49,0X86,0X49,0X46,0X41,0X45,0X41,0X45,0X41,0X45,0X41,
 110          0X05,0X49,0X04,0X61,0X82,0X90,0X41,0XB0,0X00,0XD0,0X00,0XC8,0X00,0XA8,0X00,0XA8,
 111          0X00,0XB8,0X41,0X58,0X82,0X10,0X82,0X10,0XB2,0X94,0XBE,0XF7,0XFF,0XFF,0XFF,0XFF,
 112          0XFF,0XFF,0XBE,0XF7,0XCF,0X7B,0X82,0X10,0X04,0X21,0X86,0X29,0X86,0X41,0X04,0X99,
 113          0X40,0XE8,0X41,0XF8,0X86,0XF9,0XCB,0XFA,0X49,0XFA,0X82,0XF8,0X00,0XF8,0X00,0XF0,
 114          0X00,0XE8,0X41,0XD8,0X41,0XD0,0X41,0XC0,0X41,0XC0,0X41,0XC0,0X41,0XC0,0X41,0XC8,
 115          0X00,0XD0,0X00,0XE0,0X00,0XE0,0X00,0XD8,0X00,0XD0,0X00,0XB8,0X00,0XA8,0X41,0X88,
 116          0X82,0X48,0X82,0X10,0X82,0X10,0X00,0X00,0X45,0X29,0X79,0XCE,0XFF,0XFF,0XFF,0XFF,
 117          0XBE,0XF7,0XF3,0X9C,0X82,0X10,0XC3,0X18,0X45,0X29,0X86,0X31,0XC7,0X31,0X30,0X7C,
C51 COMPILER V9.00   TEXT1                                                                 04/07/2010 22:00:51 PAGE 3   

 118          0XF3,0XDC,0X86,0XE1,0X00,0XF0,0X00,0XF8,0X41,0XF8,0X41,0XF8,0X00,0XF8,0X00,0XF8,
 119          0X00,0XF8,0X00,0XF8,0X00,0XF8,0X00,0XF8,0X00,0XF8,0X00,0XF8,0X00,0XF8,0X00,0XF8,
 120          0X00,0XE8,0X00,0XE0,0X00,0XE0,0X00,0XD8,0X00,0XC8,0X41,0XA0,0X8A,0X9A,0X0C,0X63,
 121          0X04,0X11,0X82,0X10,0X82,0X10,0X41,0X08,0X00,0X00,0X4D,0X6B,0X7D,0XEF,0XFF,0XFF,
 122          0XFB,0XDE,0X08,0X42,0X42,0X10,0X45,0X29,0X86,0X31,0X86,0X31,0X49,0X4A,0X38,0XBE,
 123          0XFF,0XFF,0X38,0XD6,0X86,0XA9,0X00,0XC8,0X00,0XE0,0X00,0XF0,0X00,0XF8,0X00,0XF8,
 124          0X00,0XF8,0X00,0XF8,0X00,0XF8,0X00,0XF8,0X00,0XF8,0X00,0XF8,0X00,0XF0,0X00,0XF0,
 125          0X00,0XE8,0X00,0XE0,0X00,0XD0,0XC3,0X98,0X8A,0X8A,0XB2,0XA4,0XBA,0XC6,0XF7,0XB5,
 126          0X08,0X42,0X41,0X08,0X82,0X10,0X41,0X08,0X00,0X00,0X45,0X29,0XF7,0XBD,0XFF,0XFF,
 127          0X71,0X8C,0X41,0X08,0X04,0X21,0X45,0X29,0X86,0X31,0X86,0X31,0X0C,0X63,0X3C,0XE7,
 128          0XFF,0XFF,0X79,0XD6,0X46,0XB9,0X00,0XE0,0X42,0XC8,0X82,0XA8,0X82,0XB0,0X41,0XD8,
 129          0X82,0XE8,0X82,0XF0,0X41,0XE8,0X41,0XE8,0X41,0XE8,0X41,0XF0,0X41,0XE8,0X41,0XD8,
 130          0X04,0XC1,0X08,0X92,0X4D,0X8B,0X34,0XA5,0XFB,0XC6,0XFB,0XD6,0XBA,0XCE,0X3C,0XE7,
 131          0X30,0X84,0XC3,0X18,0X41,0X08,0X41,0X08,0X00,0X00,0X41,0X08,0XCF,0X7B,0X7D,0XEF,
 132          0X49,0X4A,0X00,0X00,0X04,0X21,0X45,0X29,0X46,0X31,0X86,0X31,0X30,0X84,0XFF,0XFF,
 133          0XFF,0XF7,0XF7,0XDD,0X09,0XDA,0X83,0XF8,0X01,0XF0,0X42,0XC0,0X82,0X98,0X49,0X9A,
 134          0XF3,0XB4,0XF3,0XCC,0X71,0XBC,0X8E,0XBB,0X8E,0XBB,0X30,0XBC,0X71,0XBC,0XF3,0XBC,
 135          0XB6,0XBD,0XFB,0XCE,0XBE,0XE7,0X7D,0XE7,0X3B,0XDF,0XBA,0XD6,0X79,0XCE,0XFB,0XDE,
 136          0X75,0XAD,0X86,0X31,0X41,0X08,0X41,0X08,0X00,0X00,0X00,0X00,0X49,0X4A,0XFB,0XDE,
 137          0X04,0X21,0X41,0X08,0X04,0X21,0X45,0X29,0X45,0X29,0X87,0X39,0XB2,0X94,0XFF,0XFF,
 138          0XBE,0XF7,0X34,0XDD,0X0C,0XEB,0X09,0XFA,0X00,0XF0,0X01,0XD8,0X00,0XD8,0X8B,0XD2,
 139          0X7D,0XE7,0XFF,0XFF,0XFF,0XFF,0XFF,0XFF,0XFF,0XFF,0XFF,0XFF,0XFF,0XFF,0XFF,0XFF,
 140          0XFF,0XFF,0XBE,0XFF,0X7D,0XEF,0XFB,0XDE,0XFB,0XDE,0XBA,0XD6,0X79,0XCE,0XBA,0XD6,
 141          0X78,0XC6,0XC7,0X39,0X00,0X00,0X41,0X08,0X00,0X00,0X00,0X00,0XC7,0X39,0X79,0XCE,
 142          0X00,0X00,0X82,0X10,0XC3,0X18,0X04,0X21,0X05,0X29,0X86,0X31,0XB3,0X9C,0XFF,0XFF,
 143          0XFF,0XF7,0X75,0XDD,0XC7,0XE9,0XC7,0XF9,0X01,0XF8,0X01,0XF0,0X00,0XE8,0X49,0XE2,
 144          0XFB,0XEE,0XFF,0XFF,0XFF,0XFF,0XFF,0XFF,0XFF,0XFF,0XFF,0XFF,0XFF,0XFF,0XFF,0XFF,
 145          0XFF,0XFF,0XBE,0XF7,0X7D,0XEF,0XFB,0XDE,0XFB,0XDE,0XBA,0XD6,0X79,0XCE,0XBA,0XD6,
 146          0XB9,0XCE,0X08,0X42,0X00,0X00,0X00,0X00,0X00,0X00,0X00,0X00,0XC7,0X39,0X38,0XC6,
 147          0X00,0X00,0X82,0X10,0X82,0X10,0X04,0X21,0X04,0X21,0X45,0X29,0X30,0X84,0XFF,0XFF,
 148          0XFF,0XFF,0X38,0XDE,0XC4,0XD0,0X00,0XF0,0X01,0XF8,0X00,0XF8,0X00,0XF0,0X08,0XD2,
 149          0XFB,0XE6,0XFF,0XFF,0XFF,0XFF,0XFF,0XFF,0XFF,0XFF,0XFF,0XFF,0XFF,0XFF,0XFF,0XFF,
 150          0XFF,0XFF,0XBE,0XF7,0X7D,0XEF,0XFB,0XDE,0XBA,0XD6,0X79,0XCE,0X79,0XCE,0XBA,0XD6,
 151          0X79,0XCE,0XC7,0X39,0X41,0X08,0X00,0X00,0X00,0X00,0X00,0X00,0X86,0X31,0X38,0XC6,
 152          0X00,0X00,0X00,0X00,0XC3,0X18,0XCB,0X5A,0X86,0X31,0XC3,0X18,0XCB,0X5A,0X7D,0XEF,
 153          0XFF,0XFF,0X7D,0XEF,0XCF,0XBB,0XC3,0XB0,0X41,0XD0,0X41,0XD0,0X82,0XB8,0X4D,0XB3,
 154          0X7D,0XE7,0XFF,0XFF,0XFF,0XFF,0XFF,0XFF,0XFF,0XFF,0XFF,0XFF,0XFF,0XFF,0XFF,0XFF,
 155          0XBE,0XF7,0XBE,0XF7,0X3D,0XEF,0XFB,0XDE,0XBA,0XD6,0X79,0XCE,0X79,0XCE,0XFA,0XD6,
 156          0XF7,0XBD,0X04,0X21,0X86,0X31,0X04,0X21,0X00,0X00,0X00,0X00,0X86,0X31,0X38,0XC6,
 157          0X86,0X31,0XC3,0X18,0XCB,0X5A,0X75,0XAD,0XCF,0X7B,0X41,0X08,0X86,0X31,0XF7,0XBD,
 158          0XFF,0XFF,0XFF,0XFF,0XBE,0XEF,0X74,0XB5,0X30,0X9C,0X30,0X9C,0X72,0XA4,0XBB,0XD6,
 159          0XFF,0XFF,0XFF,0XFF,0XFF,0XFF,0XFF,0XFF,0XFF,0XFF,0XFF,0XFF,0XFF,0XFF,0XFF,0XFF,
 160          0XBE,0XF7,0X7D,0XEF,0X3C,0XE7,0XFB,0XDE,0XBA,0XD6,0X79,0XCE,0X79,0XCE,0X3C,0XE7,
 161          0X71,0X8C,0X81,0X08,0X0C,0X63,0XCF,0X7B,0X82,0X10,0X00,0X00,0X8A,0X52,0X38,0XC6,
 162          0X75,0XAD,0X71,0X8C,0XB6,0XB5,0X3C,0XE7,0XFB,0XDE,0XC7,0X39,0X00,0X00,0XCF,0X73,
 163          0XFF,0XFF,0XFF,0XFF,0XFF,0XFF,0XFF,0XFF,0XFF,0XFF,0XFF,0XFF,0XFF,0XFF,0XFF,0XFF,
 164          0XFF,0XFF,0XFF,0XFF,0XFF,0XFF,0XFF,0XFF,0XFF,0XFF,0XFF,0XFF,0XFF,0XFF,0XBE,0XF7,
 165          0X7D,0XEF,0X7D,0XEF,0X3B,0XDF,0XFA,0XD6,0X79,0XCE,0X79,0XCE,0XFB,0XDE,0XB9,0XCE,
 166          0XC7,0X39,0XC4,0X20,0X71,0X8C,0XBA,0XD6,0X71,0X8C,0XCB,0X5A,0XB2,0X94,0XBA,0XD6,
 167          0XFF,0XFF,0X7D,0XEF,0X7D,0XEF,0XFF,0XFF,0XFF,0XFF,0XB6,0XB5,0X46,0X29,0X05,0X19,
 168          0X75,0XA5,0XFF,0XFF,0XFF,0XFF,0XFF,0XFF,0XFF,0XFF,0XFF,0XFF,0XFF,0XFF,0XFF,0XFF,
 169          0XFF,0XFF,0XFF,0XFF,0XFF,0XFF,0XFF,0XFF,0XFF,0XFF,0XFF,0XFF,0XFF,0XFF,0XBE,0XF7,
 170          0X7D,0XEF,0X3C,0XE7,0XFB,0XDE,0XBA,0XD6,0X79,0XCE,0XBA,0XD6,0XFC,0XDE,0X4E,0X63,
 171          0X42,0X08,0X0C,0X63,0XF7,0XBD,0XBE,0XF7,0XFF,0XFF,0XFB,0XDE,0XFB,0XDE,0XBE,0XF7,
 172          0XFF,0XFF,0XFF,0XFF,0XFF,0XFF,0XFF,0XFF,0XFF,0XFF,0XFF,0XFF,0XF4,0X9C,0X04,0X21,
 173          0X05,0X21,0XB6,0XA5,0XFF,0XFF,0XFF,0XFF,0XFF,0XFF,0XFF,0XFF,0XFF,0XFF,0XFF,0XFF,
 174          0XFF,0XFF,0XFF,0XFF,0XFF,0XFF,0XFF,0XFF,0XFF,0XFF,0XBE,0XF7,0XBE,0XF7,0X7D,0XEF,
 175          0X3C,0XE7,0XFB,0XDE,0XBA,0XD6,0X79,0XCE,0XFB,0XDE,0XBB,0XD6,0XD1,0X73,0X83,0X18,
 176          0X86,0X39,0X34,0X9D,0XBD,0XEF,0XFF,0XFF,0XFF,0XFF,0XFF,0XFF,0XFF,0XFF,0XFF,0XFF,
 177          0XFF,0XFF,0XFF,0XFF,0XFF,0XFF,0XFF,0XFF,0XBE,0XFF,0X35,0XD6,0XEB,0XCC,0X43,0XB3,
 178          0X40,0X51,0X05,0X19,0XF5,0X8C,0XBE,0XEF,0XFF,0XFF,0XFF,0XFF,0XFF,0XFF,0XFF,0XFF,
 179          0XFF,0XFF,0XFF,0XFF,0XFF,0XFF,0XBE,0XF7,0XBE,0XF7,0X7D,0XEF,0X7D,0XEF,0X3C,0XE7,
C51 COMPILER V9.00   TEXT1                                                                 04/07/2010 22:00:51 PAGE 4   

 180          0XFB,0XDE,0XBA,0XDE,0XBA,0XD6,0X3C,0XDF,0X3A,0XBE,0X4F,0X63,0X82,0X49,0X40,0XA3,
 181          0X23,0XB4,0XCC,0X83,0X3A,0XBE,0XFF,0XFF,0XFF,0XFF,0XFF,0XFF,0XFF,0XFF,0XFF,0XFF,
 182          0XFF,0XFF,0XFF,0XFF,0XFF,0XFF,0XBF,0XF7,0XB5,0XBD,0X82,0X92,0X20,0XF4,0XA0,0XFC,
 183          0X60,0XE4,0X40,0X82,0X84,0X41,0X8F,0X6B,0X77,0XAD,0X3D,0XE7,0XFF,0XFF,0XFF,0XFF,
 184          0XFE,0XFF,0XBE,0XF7,0XBE,0XF7,0XBE,0XF7,0X7D,0XEF,0X7D,0XEF,0X3C,0XE7,0XFB,0XDE,
 185          0XFB,0XDE,0X3D,0XE7,0XBB,0XCE,0X36,0X9D,0X0B,0X6B,0X41,0X6A,0X60,0XC4,0X20,0XFE,
 186          0X60,0XF5,0X00,0X8B,0XC7,0X6A,0X38,0XC6,0XBE,0XF7,0XFF,0XFF,0XFF,0XFF,0XFF,0XFF,
 187          0XFF,0XFF,0XFF,0XFF,0XFF,0XFF,0X7D,0XEF,0X4B,0X7B,0X80,0XB2,0XA0,0XFC,0XA0,0XFC,
 188          0XE0,0XFC,0XE0,0XFC,0XC0,0XCB,0XC1,0X8A,0X45,0X62,0X4D,0X6B,0XB3,0X94,0XF7,0XBD,
 189          0X3D,0XDF,0XFF,0XF7,0XFF,0XFF,0XBE,0XF7,0X7D,0XEF,0X7D,0XEF,0X7D,0XE7,0X3D,0XDF,
 190          0XBA,0XC6,0X75,0XA5,0X8D,0X7B,0X84,0X7A,0X40,0XB3,0XE0,0XEC,0XE0,0XFD,0XE0,0XFD,
 191          0X60,0XF5,0X20,0XE5,0XA0,0XD4,0X0A,0X6B,0XFB,0XDE,0XFF,0XFF,0XFF,0XFF,0XFF,0XFF,
 192          0XFF,0XFF,0XFF,0XFF,0XFF,0XFF,0X7D,0XEF,0XCC,0X93,0X40,0XEB,0X60,0XFC,0XA0,0XFC,
 193          0XE0,0XFC,0X20,0XFD,0X60,0XFD,0X20,0XF5,0XA0,0XD4,0XC0,0XBB,0X42,0X9B,0X45,0X8B,
 194          0X6B,0X9C,0XAE,0X9C,0X71,0X8C,0XB3,0X94,0X33,0X9D,0X34,0XA5,0XF2,0XA4,0XF0,0XB4,
 195          0XCA,0X9B,0X04,0X9B,0X40,0XBB,0X20,0XE4,0X20,0XFD,0XA0,0XFD,0XA0,0XFD,0XE0,0XFD,
 196          0XE0,0XFD,0XE0,0XFD,0X20,0XC4,0X88,0X5A,0X38,0XBE,0XFF,0XFF,0XFF,0XFF,0XFF,0XFF,
 197          0XFF,0XFF,0XFF,0XFF,0XFF,0XFF,0XFF,0XFF,0X78,0XD6,0X46,0XAB,0X40,0XDB,0X20,0XF4,
 198          0X60,0XFC,0XA0,0XFC,0XE0,0XFC,0X60,0XFD,0XA0,0XFD,0X60,0XFD,0X20,0XF5,0XA0,0XDC,
 199          0XC0,0XB3,0XC0,0X51,0X86,0X29,0X0D,0X63,0X8F,0X7B,0X0D,0X5B,0XC7,0X41,0X01,0X82,
 200          0X00,0XC3,0XC0,0XE3,0X60,0XFC,0XA0,0XFC,0XE0,0XFC,0XE0,0XFC,0X60,0XF5,0X60,0XF5,
 201          0X20,0XE5,0X80,0X9B,0X86,0X62,0X30,0X84,0X79,0XCE,0XFF,0XFF,0XFF,0XFF,0XFF,0XFF,
 202          0XFF,0XFF,0XFF,0XFF,0XFF,0XFF,0XFF,0XFF,0XFF,0XFF,0X38,0XC6,0X2D,0X9C,0X05,0X93,
 203          0X43,0XA3,0X82,0XB3,0XC2,0XBB,0XC2,0XBB,0X22,0XB4,0X82,0XA3,0X42,0X93,0XC3,0X7A,
 204          0X85,0X62,0X0B,0X63,0X71,0X84,0XB6,0XB5,0X79,0XCE,0X79,0XC6,0XB5,0XAD,0X70,0X94,
 205          0X4A,0X8B,0X06,0X83,0X04,0X93,0X04,0X9B,0X43,0X9B,0X43,0X9B,0X43,0X93,0X04,0X83,
 206          0X08,0X73,0X8D,0X73,0XB3,0X94,0X79,0XCE,0X7D,0XEF,0XFF,0XFF,0XFF,0XFF,0XFF,0XFF,
 207          0XFF,0XFF,0XFF,0XFF,0XFF,0XFF,0XFF,0XFF,0XFF,0XFF,0XFF,0XFF,0X3C,0XDF,0X38,0XBE,
 208          0X75,0XB5,0X33,0XA5,0X33,0XA5,0XF3,0X9C,0XF3,0X9C,0XF3,0X9C,0XF3,0X94,0XF3,0X9C,
 209          0X35,0XA5,0XF8,0XBD,0XFB,0XDE,0XBE,0XF7,0XFF,0XFF,0XFF,0XFF,0XFF,0XFF,0X7E,0XEF,
 210          0XBB,0XD6,0XF8,0XBD,0XB6,0XAD,0X75,0XAD,0X34,0XA5,0X33,0X9D,0X34,0X9D,0X35,0XA5,
 211          0XB7,0XAD,0X79,0XC6,0X3C,0XE7,0XBE,0XF7,0XFF,0XFF,0XFF,0XFF,0XFF,0XFF,0XFF,0XFF,
 212          };
 213          
 214          void delayms(int count)  // /* X1ms */
 215          {
 216   1              int i,j;
 217   1              for(i=0;i<count;i++)
 218   1                      for(j=0;j<100;j++);
 219   1      }
 220            
 221          
 222          void main_Write_COM( int  DH)    //命令
 223          {       
 224   1          LCD_RS=0;
 225   1              LCD_CS =0;       
 226   1              P2=DH>>8;       
 227   1              P0=DH;          
 228   1              LCD_WR=0;
 229   1              LCD_WR=1;
 230   1              LCD_CS =1;      
 231   1      }
 232          void cld_write_color(char hh,char ll)   //发送颜色数据为提高速度高8位低8位分别传递      
 233          {
 234   1          LCD_RS=1;
 235   1              LCD_CS =0;                                      
 236   1              P2=hh;  
 237   1              P0=ll;                                  
 238   1              LCD_WR=0;
 239   1              LCD_WR=1;
 240   1              LCD_CS =1;      
 241   1      }
C51 COMPILER V9.00   TEXT1                                                                 04/07/2010 22:00:51 PAGE 5   

 242          
 243          void main_Write_DATA(int DH)    //数据  
 244          {
 245   1          LCD_RS=1;
 246   1              LCD_CS =0;                                      
 247   1              P2=DH>>8;       
 248   1              P0=DH;                                  
 249   1              LCD_WR=0;
 250   1              LCD_WR=1;
 251   1              LCD_CS =1;      
 252   1      }
 253          
 254          
 255          void main_W_com_data( int com1,dat1)    //命令数据一起 
 256          {
 257   1         main_Write_COM(com1);
 258   1         main_Write_DATA(dat1);
 259   1      }
 260          
 261          
 262          
 263          void address_set(unsigned int x1,unsigned int y1,unsigned int x2,unsigned int y2)
 264          {
 265   1              main_W_com_data(0x0002,x1>>8);     // Column address start2
 266   1              main_W_com_data(0x0003,x1);        // Column address start1
 267   1              main_W_com_data(0x0004,x2>>8);     // Column address end2
 268   1              main_W_com_data(0x0005,x2);        // Column address end1
 269   1              main_W_com_data(0x0006,y1>>8);     // Row address start2
 270   1              main_W_com_data(0x0007,y1);        // Row address start1
 271   1          main_W_com_data(0x0008,y2>>8);         // Row address end2
 272   1              main_W_com_data(0x0009,y2);        // Row address end1
 273   1          main_Write_COM(0x0022);              
 274   1      
 275   1      }       
 276          void main_init(void)
 277          {
 278   1      
 279   1          LCD_REST=1;
 280   1          delayms(5); 
 281   1              LCD_REST=0;
 282   1              delayms(10);
 283   1              LCD_REST=1;
 284   1              delayms(20);
 285   1      
 286   1                 //  VENDOR   
 287   1              main_W_com_data(0x0046,0x00A4);
 288   1              main_W_com_data(0x0047,0x0053);
 289   1              main_W_com_data(0x0048,0x0000);
 290   1              main_W_com_data(0x0049,0x0044);
 291   1              main_W_com_data(0x004a,0x0004);
 292   1              main_W_com_data(0x004b,0x0067);
 293   1              main_W_com_data(0x004c,0x0033);
 294   1              main_W_com_data(0x004d,0x0077);
 295   1              main_W_com_data(0x004e,0x0012);
 296   1              main_W_com_data(0x004f,0x004C);
 297   1              main_W_com_data(0x0050,0x0046);
 298   1              main_W_com_data(0x0051,0x0044);
 299   1                
 300   1                //240x320 window setting
 301   1          main_W_com_data(0x0002,0x0000); // Column address start2
 302   1              main_W_com_data(0x0003,0x0000); // Column address start1
 303   1              main_W_com_data(0x0004,0x0000); // Column address end2
C51 COMPILER V9.00   TEXT1                                                                 04/07/2010 22:00:51 PAGE 6   

 304   1              main_W_com_data(0x0005,0x00ef); // Column address end1
 305   1          main_W_com_data(0x0006,0x0000); // Row address start2
 306   1              main_W_com_data(0x0007,0x0000); // Row address start1
 307   1              main_W_com_data(0x0008,0x0001); // Row address end2
 308   1              main_W_com_data(0x0009,0x003f); // Row address end1
 309   1        
 310   1        // Display Setting
 311   1              main_W_com_data(0x0001,0x0006); // IDMON=0, INVON=1, NORON=1, PTLON=0
 312   1              main_W_com_data(0x0016,0x00C8); // MY=0, MX=0, MV=0, ML=1, BGR=0, TEON=0   0048
 313   1              main_W_com_data(0x0023,0x0095); // N_DC=1001 0101
 314   1              main_W_com_data(0x0024,0x0095); // PI_DC=1001 0101
 315   1              main_W_com_data(0x0025,0x00FF); // I_DC=1111 1111
 316   1              
 317   1              main_W_com_data(0x0027,0x0002); // N_BP=0000 0010
 318   1              main_W_com_data(0x0028,0x0002); // N_FP=0000 0010
 319   1              main_W_com_data(0x0029,0x0002); // PI_BP=0000 0010
 320   1              main_W_com_data(0x002a,0x0002); // PI_FP=0000 0010
 321   1              main_W_com_data(0x002C,0x0002); // I_BP=0000 0010
 322   1              main_W_com_data(0x002d,0x0002); // I_FP=0000 0010
 323   1              
 324   1              main_W_com_data(0x003a,0x0001); // N_RTN=0000, N_NW=001    0001
 325   1              main_W_com_data(0x003b,0x0000); // P_RTN=0000, P_NW=001
 326   1              main_W_com_data(0x003c,0x00f0); // I_RTN=1111, I_NW=000
 327   1              main_W_com_data(0x003d,0x0000); // DIV=00
 328   1              delayms(1);
 329   1              main_W_com_data(0x0035,0x0038); // EQS=38h
 330   1              main_W_com_data(0x0036,0x0078); // EQP=78h
 331   1              main_W_com_data(0x003E,0x0038); // SON=38h
 332   1              main_W_com_data(0x0040,0x000F); // GDON=0Fh
 333   1              main_W_com_data(0x0041,0x00F0); // GDOFF
 334   1              
 335   1              // Power Supply Setting
 336   1              main_W_com_data(0x0019,0x0049); // CADJ=0100, CUADJ=100, OSD_EN=1 ,60Hz
 337   1              main_W_com_data(0x0093,0x000F); // RADJ=1111, 100%
 338   1              delayms(1);
 339   1              main_W_com_data(0x0020,0x0040); // BT=0100
 340   1              main_W_com_data(0x001D,0x0007); // VC1=111   0007
 341   1              main_W_com_data(0x001E,0x0000); // VC3=000
 342   1              main_W_com_data(0x001F,0x0004); // VRH=0011
 343   1              
 344   1              //VCOM SETTING
 345   1              main_W_com_data(0x0044,0x004D); // VCM=101 0000  4D
 346   1              main_W_com_data(0x0045,0x000E); // VDV=1 0001   0011
 347   1              delayms(1);
 348   1              main_W_com_data(0x001C,0x0004); // AP=100
 349   1              delayms(2);
 350   1              
 351   1              main_W_com_data(0x001B,0x0018); // GASENB=0, PON=0, DK=1, XDK=0, VLCD_TRI=0, STB=0
 352   1              delayms(1);
 353   1              main_W_com_data(0x001B,0x0010); // GASENB=0, PON=1, DK=0, XDK=0, VLCD_TRI=0, STB=0
 354   1              delayms(1);
 355   1              main_W_com_data(0x0043,0x0080); //set VCOMG=1
 356   1              delayms(2);
 357   1              
 358   1              // Display ON Setting
 359   1              main_W_com_data(0x0090,0x007F); // SAP=0111 1111
 360   1              main_W_com_data(0x0026,0x0004); //GON=0, DTE=0, D=01
 361   1              delayms(1);
 362   1              main_W_com_data(0x0026,0x0024); //GON=1, DTE=0, D=01
 363   1              main_W_com_data(0x0026,0x002C); //GON=1, DTE=0, D=11
 364   1              delayms(1);
 365   1              main_W_com_data(0x0026,0x003C); //GON=1, DTE=1, D=11
C51 COMPILER V9.00   TEXT1                                                                 04/07/2010 22:00:51 PAGE 7   

 366   1              
 367   1              // INTERNAL REGISTER SETTING
 368   1              main_W_com_data(0x0057,0x0002); // TEST_Mode=1: into TEST mode
 369   1              main_W_com_data(0x0095,0x0001); // SET DISPLAY CLOCK AND PUMPING CLOCK TO SYNCHRONIZE
 370   1              main_W_com_data(0x0057,0x0000); // TEST_Mode=0: exit TEST mode
 371   1              //main_W_com_data(0x0021,0x0000);
 372   1              main_Write_COM(0x0022);  
 373   1      
 374   1      }
 375          
 376          
 377          void Pant(unsigned int color)
 378          {
 379   1              int i,j;
 380   1              address_set(0,0,239,319);
 381   1      
 382   1          for(i=0;i<320;i++)
 383   1               {
 384   2                for (j=0;j<240;j++)
 385   2                      {
 386   3               main_Write_DATA(color);
 387   3                  }
 388   2      
 389   2                }             
 390   1      }
 391          
 392          main()
 393          {
 394   1              int i,j,k;
 395   1              main_init();   //tft初始化       
 396   1      
 397   1              while(1)
 398   1              { 
 399   2              //Pant(0xf800); //红色
 400   2              //Pant(0X07E0); //绿色
 401   2              //Pant(0x001f); //蓝色  
 402   2              Pant(0xffff); //清屏
 403   2              for(k=0;k<8;k++)
 404   2              {
 405   3                      for(j=0;j<6;j++)
 406   3                      {       
 407   4                              address_set(40*j,40*k,40*j+39,40*k+39);         //坐标设置
 408   4                          for(i=0;i<1600;i++)
 409   4                               {
 410   5                                       cld_write_color(image[i*2+1],image[i*2]);       //发送颜色数据为提高速度高8位低8位分别传递                                                     
 411   5                               }
 412   4                       }
 413   3              }                                                               
 414   2      
 415   2              delayms(1000);
 416   2          }
 417   1      
 418   1      
 419   1      
 420   1      }
 421          
 422          
 423          
 424          
 425          
 426          
 427          
C51 COMPILER V9.00   TEXT1                                                                 04/07/2010 22:00:51 PAGE 8   

 428          
 429          
 430          
 431          
 432          
 433          


MODULE INFORMATION:   STATIC OVERLAYABLE
   CODE SIZE        =   1106    ----
   CONSTANT SIZE    =   3200    ----
   XDATA SIZE       =   ----    ----
   PDATA SIZE       =   ----    ----
   DATA SIZE        =   ----      14
   IDATA SIZE       =   ----    ----
   BIT SIZE         =   ----    ----
END OF MODULE INFORMATION.


C51 COMPILATION COMPLETE.  0 WARNING(S),  0 ERROR(S)
