C51 COMPILER V9.53.0.0   MAIN                                                              11/30/2014 00:41:28 PAGE 1   


C51 COMPILER V9.53.0.0, COMPILATION OF MODULE MAIN
OBJECT MODULE PLACED IN .\obj\main.obj
COMPILER INVOKED BY: D:\Keil_v5\C51\BIN\C51.EXE USER\main.c LARGE BROWSE INCDIR(.\font;.\LCD;.\sys;.\touch;.\GUI;.\USER)
                    - DEBUG OBJECTEXTEND PRINT(.\main.lst) TABS(2) OBJECT(.\obj\main.obj)

line level    source

   1          #include "sys.h"
   2          #include "lcd.h"
   3          #include "gui.h"
   4          #include "test.h"
   5          //////////////////////////////////////////////////////////////////////////////////   
   6          //本程序只供学习使用，未经作者许可，不得用于其它任何用途
   7          //测试硬件：单片机STC12LE5A60S2,晶振30M  单片机工作电压3.3V
   8          //QDtech-TFT液晶驱动 for C51
   9          //xiao冯@ShenZhen QDtech co.,LTD
  10          //公司网站:www.qdtech.net
  11          //淘宝网站：http://qdtech.taobao.com
  12          //我司提供技术支持，任何技术问题欢迎随时交流学习
  13          //固话(传真) :+86 0755-23594567 
  14          //手机:15989313508（冯工） 
  15          //邮箱:QDtech2008@gmail.com 
  16          //Skype:QDtech2008
  17          //技术交流QQ群:324828016
  18          //创建日期:2013/5/13
  19          //版本：V1.1
  20          //版权所有，盗版必究。
  21          //Copyright(C) 深圳市全动电子技术有限公司 2009-2019
  22          //All rights reserved
  23          //********************************************************************************
  24          
  25          /**************************************************************************************
  26          //=======================================液晶屏数据线接线==========================================//
  27          //P2组高8位数据口,DB8-DB15依次连接P2^0-P2^7;8位模式下只使用高8位
  28          #define  LCD_DataPortH P2 
  29          //P0组低8位数据口,DB0-DB7依次连接P0^0-P0^7;请确认P0口已经上拉10K电阻,不宜太小，最小4.7K,推荐10K.    
  30          #define  LCD_DataPortL P0     
  31          //=======================================液晶屏控制线接线==========================================//
  32          CS=P1^3;    //片选  
  33          RS=P1^2;      //数据/命令切换
  34          WR=P1^1;    //写控制
  35          RD=P1^0;    //读控制
  36          RESET=P3^3;   //复位 
  37          LCD_BL=P3^2;  //背光控制
  38          //=========================================触摸屏触接线=========================================//
  39          //不使用触摸或者模块本身不带触摸，则可不连接
  40          DCLK    =    P3^6; //触摸屏SPI总线时钟信号接P3.6  
  41          TCS       =    P3^7; //触摸片选TCS接P3.7
  42          DIN       =    P3^4; //MOSI接P3.4 
  43          DOUT      =    P3^5; //MISO接P3.5                                              
  44          Penirq    =    P4^0; //PEN引脚接P4.0，如单片机无P4组，请自行更改其他可用IO并修改代码定义
  45          **************************************************************************************************/ 
  46          
  47          //STC单片机IO推挽输出设置定义
  48          //其他普通C51单片机无此配置请屏蔽下面这条语句
  49          sfr P3M1  = 0xB1; //P3M1.n,P3M0.n   =00--->Standard,  01--->push-pull
  50          sfr P3M0  = 0xB2; //          =10--->pure input,  11--->open drain
  51          
  52          //主函数
  53          void main(void)
  54          { 
C51 COMPILER V9.53.0.0   MAIN                                                              11/30/2014 00:41:28 PAGE 2   

  55   1      
  56   1        //设置STC_12LE5A60S2单片机的P3.2为推挽输出，用于控制背光亮灭
  57   1        //其他普通C51单片机无此配置请屏蔽下面这条语句
  58   1        P3M1 &= ~(1<<2),P3M0 |=  (1<<2); 
  59   1      
  60   1        //液晶屏初始化
  61   1        LCD_Init();
  62   1      
  63   1        //循环进行各项测试  
  64   1        while(1)
  65   1        { 
  66   2          main_test();    //测试主界面
  67   2          Test_Color();     //简单刷屏填充测试
  68   2          Test_FillRec();   //GUI矩形绘图测试
  69   2          Test_Circle();    //GUI画圆测试
  70   2          English_Font_test();//英文字体示例测试
  71   2          Chinese_Font_test();//中文字体示例测试
  72   2          Pic_test();     //图片显示示例测试
  73   2          Touch_Test();   //触摸屏手写测试
  74   2        }   
  75   1      }


MODULE INFORMATION:   STATIC OVERLAYABLE
   CODE SIZE        =     35    ----
   CONSTANT SIZE    =   ----    ----
   XDATA SIZE       =   ----    ----
   PDATA SIZE       =   ----    ----
   DATA SIZE        =   ----    ----
   IDATA SIZE       =   ----    ----
   BIT SIZE         =   ----    ----
END OF MODULE INFORMATION.


C51 COMPILATION COMPLETE.  0 WARNING(S),  0 ERROR(S)
